{'Arg': 0, 'Arg0': 1, 'Arg1': 2, 'Arg2': 3, 'Arg3': 4, 'Arg4': 5, 'Arg5': 6, 'ArgA': 7, 'ArgM': 8, 'ArgM2': 9, 'ArgM_ADV': 10, 'ArgM_AND': 11, 'ArgM_BUT': 12, 'ArgM_CAU': 13, 'ArgM_CMP': 14, 'ArgM_CND': 15, 'ArgM_CRT': 16, 'ArgM_DIR': 17, 'ArgM_EXT': 18, 'ArgM_GOL': 19, 'ArgM_LOC': 20, 'ArgM_MDF': 21, 'ArgM_MNR': 22, 'ArgM_MNS': 23, 'ArgM_NEG': 24, 'ArgM_PRP': 25, 'ArgM_PRX': 26, 'ArgM_REC': 27, 'ArgM_SCP': 28, 'ArgM_SPK': 29, 'ArgM_TMP': 30} 

MAX_TOKEN = 206, MAX_LENGTH = 192, MAX_ARGUMENT_SEQUENCE_LENGTH = 30


train, test, valid =  840 105 106
train, test, valid =  870 105 106
870
Progress 0 / 864 tensor(4)
epoch 0 	 loss 122.16954588890076
0 :  93  ->  0 token_num = 2
1 :  186  ->  0 token_num = 3
2 :  186  ->  0 token_num = 3
3 :  186  ->  2 token_num = 3
4 :  310  ->  28 token_num = 4
5 :  310  ->  0 token_num = 4
6 :  310  ->  0 token_num = 4
7 :  310  ->  0 token_num = 4
8 :  310  ->  0 token_num = 4
9 :  310  ->  0 token_num = 4
10 :  310  ->  14 token_num = 4
11 :  310  ->  26 token_num = 4
12 :  310  ->  0 token_num = 4
13 :  310  ->  30 token_num = 4
14 :  310  ->  0 token_num = 4
15 :  310  ->  23 token_num = 4
16 :  465  ->  2 token_num = 5
17 :  465  ->  23 token_num = 5
18 :  465  ->  1 token_num = 5
19 :  465  ->  0 token_num = 5
20 :  465  ->  11 token_num = 5
21 :  465  ->  18 token_num = 5
22 :  465  ->  1 token_num = 5
23 :  465  ->  0 token_num = 5
24 :  465  ->  4 token_num = 5
25 :  651  ->  0 token_num = 6
26 :  651  ->  6 token_num = 6
27 :  651  ->  20 token_num = 6
28 :  651  ->  0 token_num = 6
29 :  651  ->  2 token_num = 6
30 :  651  ->  26 token_num = 6
31 :  651  ->  21 token_num = 6
32 :  651  ->  90 token_num = 6
33 :  868  ->  6 token_num = 7
34 :  868  ->  33 token_num = 7
35 :  868  ->  0 token_num = 7
36 :  868  ->  6 token_num = 7
37 :  868  ->  30 token_num = 7
38 :  868  ->  24 token_num = 7
39 :  868  ->  0 token_num = 7
40 :  868  ->  3 token_num = 7
41 :  868  ->  30 token_num = 7
42 :  1116  ->  34 token_num = 8
43 :  1116  ->  1 token_num = 8
44 :  1395  ->  2 token_num = 9
45 :  1395  ->  30 token_num = 9
46 :  1395  ->  6 token_num = 9
47 :  1705  ->  3 token_num = 10
48 :  1705  ->  33 token_num = 10
49 :  2418  ->  72 token_num = 12
50 :  2821  ->  36 token_num = 13
51 :  2821  ->  495 token_num = 13
52 :  2821  ->  68 token_num = 13
53 :  3255  ->  166 token_num = 14
54 :  3720  ->  67 token_num = 15
55 :  4216  ->  69 token_num = 16
56 :  4743  ->  64 token_num = 17
57 :  4743  ->  11 token_num = 17
58 :  5301  ->  24 token_num = 18
59 :  5301  ->  21 token_num = 18
60 :  5301  ->  20 token_num = 18
61 :  5890  ->  1429 token_num = 19
62 :  5890  ->  706 token_num = 19
63 :  5890  ->  253 token_num = 19
64 :  5890  ->  51 token_num = 19
65 :  6510  ->  156 token_num = 20
66 :  7843  ->  53 token_num = 22
67 :  7843  ->  55 token_num = 22
68 :  7843  ->  466 token_num = 22
69 :  8556  ->  17 token_num = 23
70 :  9300  ->  305 token_num = 24
71 :  10881  ->  47 token_num = 26
72 :  10881  ->  1741 token_num = 26
73 :  10881  ->  394 token_num = 26
74 :  11718  ->  3 token_num = 27
75 :  12586  ->  202 token_num = 28
76 :  13485  ->  528 token_num = 29
77 :  13485  ->  120 token_num = 29
78 :  13485  ->  28 token_num = 29
79 :  13485  ->  223 token_num = 29
80 :  14415  ->  3 token_num = 30
81 :  15376  ->  8390 token_num = 31
82 :  16337  ->  82 token_num = 32
83 :  16337  ->  96 token_num = 32
84 :  16337  ->  4083 token_num = 32
85 :  16337  ->  5113 token_num = 32
86 :  20181  ->  1996 token_num = 36
87 :  20181  ->  1112 token_num = 36
88 :  21142  ->  1265 token_num = 37
89 :  21142  ->  98 token_num = 37
90 :  22103  ->  1281 token_num = 38
91 :  23064  ->  91 token_num = 39
92 :  23064  ->  4289 token_num = 39
93 :  26908  ->  244 token_num = 43
94 :  26908  ->  1091 token_num = 43
95 :  28830  ->  4 token_num = 45
96 :  28830  ->  672 token_num = 45
97 :  29791  ->  2565 token_num = 46
98 :  29791  ->  215 token_num = 46
99 :  32674  ->  706 token_num = 49
100 :  33635  ->  414 token_num = 50
101 :  38440  ->  188 token_num = 55
102 :  39401  ->  285 token_num = 56
103 :  46128  ->  39023 token_num = 63
104 :  53816  ->  578 token_num = 71
105 :  57660  ->  1012 token_num = 75
           correct_num  wrong_num  predict_num  ...  precision  recall      f1
Arg             0.0000        9.0          9.0  ...     0.0000     NaN     NaN
Arg0            5.0000       30.0         35.0  ...     0.1429  0.1250  0.1333
Arg1           19.0000       49.0         68.0  ...     0.2794  0.2436  0.2603
Arg2            2.0000       14.0         16.0  ...     0.1250  0.0588  0.0800
Arg3            0.0000       11.0         11.0  ...     0.0000  0.0000     NaN
Arg4            0.0000        8.0          8.0  ...     0.0000     NaN     NaN
Arg5            0.0000        3.0          3.0  ...     0.0000  0.0000     NaN
ArgA            0.0000       13.0         13.0  ...     0.0000  0.0000     NaN
ArgM            0.0000        7.0          7.0  ...     0.0000     NaN     NaN
ArgM2           0.0000       12.0         12.0  ...     0.0000     NaN     NaN
ArgM_ADV        0.0000       14.0         14.0  ...     0.0000  0.0000     NaN
ArgM_AND        0.0000       11.0         11.0  ...     0.0000     NaN     NaN
ArgM_BUT        0.0000       11.0         11.0  ...     0.0000     NaN     NaN
ArgM_CAU        0.0000        9.0          9.0  ...     0.0000  0.0000     NaN
ArgM_CMP        0.0000        8.0          8.0  ...     0.0000  0.0000     NaN
ArgM_CND        0.0000       10.0         10.0  ...     0.0000     NaN     NaN
ArgM_CRT        0.0000       10.0         10.0  ...     0.0000  0.0000     NaN
ArgM_DIR        0.0000        9.0          9.0  ...     0.0000  0.0000     NaN
ArgM_EXT        0.0000        5.0          5.0  ...     0.0000     NaN     NaN
ArgM_GOL        0.0000        7.0          7.0  ...     0.0000     NaN     NaN
ArgM_LOC        0.0000        9.0          9.0  ...     0.0000  0.0000     NaN
ArgM_MDF        0.0000        7.0          7.0  ...     0.0000     NaN     NaN
ArgM_MNR        0.0000        9.0          9.0  ...     0.0000  0.0000     NaN
ArgM_MNS        0.0000        5.0          5.0  ...     0.0000     NaN     NaN
ArgM_NEG        0.0000        9.0          9.0  ...     0.0000  0.0000     NaN
ArgM_PRP        0.0000        6.0          6.0  ...     0.0000     NaN     NaN
ArgM_PRX        0.0000       11.0         11.0  ...     0.0000  0.0000     NaN
ArgM_REC        0.0000        9.0          9.0  ...     0.0000     NaN     NaN
ArgM_SCP        0.0000       12.0         12.0  ...     0.0000     NaN     NaN
ArgM_SPK        0.0000        9.0          9.0  ...     0.0000     NaN     NaN
ArgM_TMP        0.0000       15.0         15.0  ...     0.0000  0.0000     NaN
sum            26.0000      351.0        377.0  ...     0.5473  0.4274  0.4736
precision       0.0690        NaN          NaN  ...        NaN     NaN     NaN
recall          0.1383        NaN          NaN  ...        NaN     NaN     NaN
f1              0.0920        NaN          NaN  ...        NaN     NaN     NaN
f1_macro        0.0306        NaN          NaN  ...        NaN     NaN     NaN

[36 rows x 8 columns]
Valid f1 =  0.092 

Progress 0 / 864 tensor(4)
epoch 1 	 loss 66.4721549153328
0 :  93  ->  0 token_num = 2
1 :  186  ->  0 token_num = 3
2 :  186  ->  3 token_num = 3
3 :  186  ->  3 token_num = 3
4 :  310  ->  0 token_num = 4
5 :  310  ->  1 token_num = 4
6 :  310  ->  2 token_num = 4
7 :  310  ->  0 token_num = 4
8 :  310  ->  0 token_num = 4
9 :  310  ->  1 token_num = 4
10 :  310  ->  0 token_num = 4
11 :  310  ->  0 token_num = 4
12 :  310  ->  1 token_num = 4
13 :  310  ->  0 token_num = 4
14 :  310  ->  1 token_num = 4
15 :  310  ->  1 token_num = 4
16 :  465  ->  1 token_num = 5
17 :  465  ->  1 token_num = 5
18 :  465  ->  1 token_num = 5
19 :  465  ->  2 token_num = 5
20 :  465  ->  1 token_num = 5
21 :  465  ->  1 token_num = 5
22 :  465  ->  1 token_num = 5
23 :  465  ->  1 token_num = 5
24 :  465  ->  1 token_num = 5
25 :  651  ->  1 token_num = 6
26 :  651  ->  13 token_num = 6
27 :  651  ->  1 token_num = 6
28 :  651  ->  4 token_num = 6
29 :  651  ->  4 token_num = 6
30 :  651  ->  3 token_num = 6
31 :  651  ->  1 token_num = 6
32 :  651  ->  65 token_num = 6
33 :  868  ->  0 token_num = 7
34 :  868  ->  2 token_num = 7
35 :  868  ->  1 token_num = 7
36 :  868  ->  0 token_num = 7
37 :  868  ->  1 token_num = 7
38 :  868  ->  1 token_num = 7
39 :  868  ->  3 token_num = 7
40 :  868  ->  7 token_num = 7
41 :  868  ->  2 token_num = 7
42 :  1116  ->  5 token_num = 8
43 :  1116  ->  10 token_num = 8
44 :  1395  ->  3 token_num = 9
45 :  1395  ->  0 token_num = 9
46 :  1395  ->  11 token_num = 9
47 :  1705  ->  22 token_num = 10
48 :  1705  ->  3 token_num = 10
49 :  2418  ->  117 token_num = 12
50 :  2821  ->  16 token_num = 13
51 :  2821  ->  231 token_num = 13
52 :  2821  ->  284 token_num = 13
53 :  3255  ->  195 token_num = 14
54 :  3720  ->  58 token_num = 15
55 :  4216  ->  75 token_num = 16
56 :  4743  ->  11 token_num = 17
57 :  4743  ->  4 token_num = 17
58 :  5301  ->  82 token_num = 18
59 :  5301  ->  36 token_num = 18
60 :  5301  ->  59 token_num = 18
61 :  5890  ->  1397 token_num = 19
62 :  5890  ->  149 token_num = 19
63 :  5890  ->  67 token_num = 19
64 :  5890  ->  168 token_num = 19
65 :  6510  ->  43 token_num = 20
66 :  7843  ->  53 token_num = 22
67 :  7843  ->  90 token_num = 22
68 :  7843  ->  221 token_num = 22
69 :  8556  ->  39 token_num = 23
70 :  9300  ->  360 token_num = 24
71 :  10881  ->  82 token_num = 26
72 :  10881  ->  386 token_num = 26
73 :  10881  ->  321 token_num = 26
74 :  11718  ->  2 token_num = 27
75 :  12586  ->  98 token_num = 28
76 :  13485  ->  501 token_num = 29
77 :  13485  ->  22 token_num = 29
78 :  13485  ->  6 token_num = 29
79 :  13485  ->  108 token_num = 29
80 :  14415  ->  15 token_num = 30
81 :  15376  ->  3299 token_num = 31
82 :  16337  ->  75 token_num = 32
83 :  16337  ->  5 token_num = 32
84 :  16337  ->  3813 token_num = 32
85 :  16337  ->  5238 token_num = 32
86 :  20181  ->  352 token_num = 36
87 :  20181  ->  128 token_num = 36
88 :  21142  ->  516 token_num = 37
89 :  21142  ->  69 token_num = 37
90 :  22103  ->  1120 token_num = 38
91 :  23064  ->  972 token_num = 39
92 :  23064  ->  4148 token_num = 39
93 :  26908  ->  128 token_num = 43
94 :  26908  ->  1945 token_num = 43
95 :  28830  ->  24 token_num = 45
96 :  28830  ->  460 token_num = 45
97 :  29791  ->  648 token_num = 46
98 :  29791  ->  99 token_num = 46
99 :  32674  ->  349 token_num = 49
100 :  33635  ->  379 token_num = 50
101 :  38440  ->  63 token_num = 55
102 :  39401  ->  106 token_num = 56
103 :  46128  ->  35737 token_num = 63
104 :  53816  ->  1015 token_num = 71
105 :  57660  ->  27 token_num = 75
           correct_num  wrong_num  predict_num  ...  precision  recall      f1
Arg             0.0000        7.0          7.0  ...     0.0000     NaN     NaN
Arg0           15.0000       29.0         44.0  ...     0.3409  0.3750  0.3571
Arg1           24.0000       46.0         70.0  ...     0.3429  0.3077  0.3243
Arg2            6.0000       26.0         32.0  ...     0.1875  0.1765  0.1818
Arg3            0.0000        6.0          6.0  ...     0.0000  0.0000     NaN
Arg4            0.0000        7.0          7.0  ...     0.0000     NaN     NaN
Arg5            0.0000        5.0          5.0  ...     0.0000  0.0000     NaN
ArgA            0.0000        5.0          5.0  ...     0.0000  0.0000     NaN
ArgM            0.0000        9.0          9.0  ...     0.0000     NaN     NaN
ArgM2           0.0000        7.0          7.0  ...     0.0000     NaN     NaN
ArgM_ADV        0.0000       23.0         23.0  ...     0.0000  0.0000     NaN
ArgM_AND        0.0000        4.0          4.0  ...     0.0000     NaN     NaN
ArgM_BUT        0.0000        8.0          8.0  ...     0.0000     NaN     NaN
ArgM_CAU        0.0000        8.0          8.0  ...     0.0000  0.0000     NaN
ArgM_CMP        0.0000        3.0          3.0  ...     0.0000  0.0000     NaN
ArgM_CND        0.0000        9.0          9.0  ...     0.0000     NaN     NaN
ArgM_CRT        0.0000        2.0          2.0  ...     0.0000  0.0000     NaN
ArgM_DIR        0.0000        8.0          8.0  ...     0.0000  0.0000     NaN
ArgM_EXT        0.0000        6.0          6.0  ...     0.0000     NaN     NaN
ArgM_GOL        0.0000        9.0          9.0  ...     0.0000     NaN     NaN
ArgM_LOC        0.0000        6.0          6.0  ...     0.0000  0.0000     NaN
ArgM_MDF        0.0000        8.0          8.0  ...     0.0000     NaN     NaN
ArgM_MNR        0.0000        7.0          7.0  ...     0.0000  0.0000     NaN
ArgM_MNS        0.0000        6.0          6.0  ...     0.0000     NaN     NaN
ArgM_NEG        0.0000        5.0          5.0  ...     0.0000  0.0000     NaN
ArgM_PRP        0.0000        9.0          9.0  ...     0.0000     NaN     NaN
ArgM_PRX        0.0000        6.0          6.0  ...     0.0000  0.0000     NaN
ArgM_REC        0.0000       11.0         11.0  ...     0.0000     NaN     NaN
ArgM_SCP        0.0000        8.0          8.0  ...     0.0000     NaN     NaN
ArgM_SPK        0.0000        7.0          7.0  ...     0.0000     NaN     NaN
ArgM_TMP        0.0000        8.0          8.0  ...     0.0000  0.0000     NaN
sum            45.0000      308.0        353.0  ...     0.8713  0.8592  0.8633
precision       0.1275        NaN          NaN  ...        NaN     NaN     NaN
recall          0.2394        NaN          NaN  ...        NaN     NaN     NaN
f1              0.1664        NaN          NaN  ...        NaN     NaN     NaN
f1_macro        0.0557        NaN          NaN  ...        NaN     NaN     NaN

[36 rows x 8 columns]
Valid f1 =  0.1664 

Progress 0 / 864 tensor(4)
epoch 2 	 loss 41.83474940061569
0 :  93  ->  0 token_num = 2
1 :  186  ->  0 token_num = 3
2 :  186  ->  1 token_num = 3
3 :  186  ->  3 token_num = 3
4 :  310  ->  0 token_num = 4
5 :  310  ->  1 token_num = 4
6 :  310  ->  2 token_num = 4
7 :  310  ->  0 token_num = 4
8 :  310  ->  0 token_num = 4
9 :  310  ->  1 token_num = 4
10 :  310  ->  1 token_num = 4
11 :  310  ->  0 token_num = 4
12 :  310  ->  1 token_num = 4
13 :  310  ->  0 token_num = 4
14 :  310  ->  1 token_num = 4
15 :  310  ->  1 token_num = 4
16 :  465  ->  2 token_num = 5
17 :  465  ->  1 token_num = 5
18 :  465  ->  1 token_num = 5
19 :  465  ->  2 token_num = 5
20 :  465  ->  1 token_num = 5
21 :  465  ->  1 token_num = 5
22 :  465  ->  1 token_num = 5
23 :  465  ->  1 token_num = 5
24 :  465  ->  1 token_num = 5
25 :  651  ->  1 token_num = 6
26 :  651  ->  28 token_num = 6
27 :  651  ->  1 token_num = 6
28 :  651  ->  2 token_num = 6
29 :  651  ->  4 token_num = 6
30 :  651  ->  3 token_num = 6
31 :  651  ->  1 token_num = 6
32 :  651  ->  56 token_num = 6
33 :  868  ->  2 token_num = 7
34 :  868  ->  8 token_num = 7
35 :  868  ->  1 token_num = 7
36 :  868  ->  0 token_num = 7
37 :  868  ->  1 token_num = 7
38 :  868  ->  3 token_num = 7
39 :  868  ->  2 token_num = 7
40 :  868  ->  5 token_num = 7
41 :  868  ->  2 token_num = 7
42 :  1116  ->  5 token_num = 8
43 :  1116  ->  10 token_num = 8
44 :  1395  ->  2 token_num = 9
45 :  1395  ->  0 token_num = 9
46 :  1395  ->  15 token_num = 9
47 :  1705  ->  27 token_num = 10
48 :  1705  ->  5 token_num = 10
49 :  2418  ->  214 token_num = 12
50 :  2821  ->  1 token_num = 13
51 :  2821  ->  195 token_num = 13
52 :  2821  ->  130 token_num = 13
53 :  3255  ->  49 token_num = 14
54 :  3720  ->  81 token_num = 15
55 :  4216  ->  168 token_num = 16
56 :  4743  ->  0 token_num = 17
57 :  4743  ->  40 token_num = 17
58 :  5301  ->  12 token_num = 18
59 :  5301  ->  42 token_num = 18
60 :  5301  ->  44 token_num = 18
61 :  5890  ->  304 token_num = 19
62 :  5890  ->  63 token_num = 19
63 :  5890  ->  3 token_num = 19
64 :  5890  ->  281 token_num = 19
65 :  6510  ->  20 token_num = 20
66 :  7843  ->  89 token_num = 22
67 :  7843  ->  71 token_num = 22
68 :  7843  ->  332 token_num = 22
69 :  8556  ->  14 token_num = 23
70 :  9300  ->  516 token_num = 24
71 :  10881  ->  124 token_num = 26
72 :  10881  ->  86 token_num = 26
73 :  10881  ->  57 token_num = 26
74 :  11718  ->  31 token_num = 27
75 :  12586  ->  86 token_num = 28
76 :  13485  ->  255 token_num = 29
77 :  13485  ->  11 token_num = 29
78 :  13485  ->  2 token_num = 29
79 :  13485  ->  46 token_num = 29
80 :  14415  ->  100 token_num = 30
81 :  15376  ->  787 token_num = 31
82 :  16337  ->  27 token_num = 32
83 :  16337  ->  13 token_num = 32
84 :  16337  ->  1960 token_num = 32
85 :  16337  ->  5956 token_num = 32
86 :  20181  ->  54 token_num = 36
87 :  20181  ->  103 token_num = 36
88 :  21142  ->  1618 token_num = 37
89 :  21142  ->  191 token_num = 37
90 :  22103  ->  312 token_num = 38
91 :  23064  ->  511 token_num = 39
92 :  23064  ->  3945 token_num = 39
93 :  26908  ->  10 token_num = 43
94 :  26908  ->  1732 token_num = 43
95 :  28830  ->  89 token_num = 45
96 :  28830  ->  549 token_num = 45
97 :  29791  ->  30 token_num = 46
98 :  29791  ->  328 token_num = 46
99 :  32674  ->  100 token_num = 49
100 :  33635  ->  249 token_num = 50
101 :  38440  ->  209 token_num = 55
102 :  39401  ->  51 token_num = 56
103 :  46128  ->  35287 token_num = 63
104 :  53816  ->  2136 token_num = 71
105 :  57660  ->  64 token_num = 75
           correct_num  wrong_num  predict_num  ...  precision  recall      f1
Arg             0.0000        6.0          6.0  ...     0.0000     NaN     NaN
Arg0           17.0000       27.0         44.0  ...     0.3864  0.4250  0.4048
Arg1           25.0000       49.0         74.0  ...     0.3378  0.3205  0.3289
Arg2            7.0000       31.0         38.0  ...     0.1842  0.2059  0.1944
Arg3            0.0000        4.0          4.0  ...     0.0000  0.0000     NaN
Arg4            0.0000        5.0          5.0  ...     0.0000     NaN     NaN
Arg5            0.0000        8.0          8.0  ...     0.0000  0.0000     NaN
ArgA            0.0000        8.0          8.0  ...     0.0000  0.0000     NaN
ArgM            0.0000        9.0          9.0  ...     0.0000     NaN     NaN
ArgM2           0.0000        6.0          6.0  ...     0.0000     NaN     NaN
ArgM_ADV        0.0000       20.0         20.0  ...     0.0000  0.0000     NaN
ArgM_AND        0.0000        6.0          6.0  ...     0.0000     NaN     NaN
ArgM_BUT        0.0000        9.0          9.0  ...     0.0000     NaN     NaN
ArgM_CAU        0.0000        3.0          3.0  ...     0.0000  0.0000     NaN
ArgM_CMP        0.0000       12.0         12.0  ...     0.0000  0.0000     NaN
ArgM_CND        0.0000        6.0          6.0  ...     0.0000     NaN     NaN
ArgM_CRT        0.0000        3.0          3.0  ...     0.0000  0.0000     NaN
ArgM_DIR        0.0000        5.0          5.0  ...     0.0000  0.0000     NaN
ArgM_EXT        0.0000        4.0          4.0  ...     0.0000     NaN     NaN
ArgM_GOL        0.0000        9.0          9.0  ...     0.0000     NaN     NaN
ArgM_LOC        0.0000        9.0          9.0  ...     0.0000  0.0000     NaN
ArgM_MDF        0.0000        5.0          5.0  ...     0.0000     NaN     NaN
ArgM_MNR        0.0000        9.0          9.0  ...     0.0000  0.0000     NaN
ArgM_MNS        0.0000        4.0          4.0  ...     0.0000     NaN     NaN
ArgM_NEG        0.0000        6.0          6.0  ...     0.0000  0.0000     NaN
ArgM_PRP        0.0000        3.0          3.0  ...     0.0000     NaN     NaN
ArgM_PRX        0.0000        3.0          3.0  ...     0.0000  0.0000     NaN
ArgM_REC        0.0000        7.0          7.0  ...     0.0000     NaN     NaN
ArgM_SCP        0.0000        6.0          6.0  ...     0.0000     NaN     NaN
ArgM_SPK        0.0000        6.0          6.0  ...     0.0000     NaN     NaN
ArgM_TMP        0.0000       21.0         21.0  ...     0.0000  0.0000     NaN
sum            49.0000      309.0        358.0  ...     0.9084  0.9514  0.9282
precision       0.1369        NaN          NaN  ...        NaN     NaN     NaN
recall          0.2606        NaN          NaN  ...        NaN     NaN     NaN
f1              0.1795        NaN          NaN  ...        NaN     NaN     NaN
f1_macro        0.0599        NaN          NaN  ...        NaN     NaN     NaN

[36 rows x 8 columns]
Valid f1 =  0.1795 

Progress 0 / 864 tensor(4)
epoch 3 	 loss 21.865250676870346
0 :  93  ->  1 token_num = 2
1 :  186  ->  1 token_num = 3
2 :  186  ->  1 token_num = 3
3 :  186  ->  2 token_num = 3
4 :  310  ->  0 token_num = 4
5 :  310  ->  1 token_num = 4
6 :  310  ->  1 token_num = 4
7 :  310  ->  0 token_num = 4
8 :  310  ->  0 token_num = 4
9 :  310  ->  1 token_num = 4
10 :  310  ->  1 token_num = 4
11 :  310  ->  0 token_num = 4
12 :  310  ->  1 token_num = 4
13 :  310  ->  0 token_num = 4
14 :  310  ->  1 token_num = 4
15 :  310  ->  1 token_num = 4
16 :  465  ->  3 token_num = 5
17 :  465  ->  1 token_num = 5
18 :  465  ->  0 token_num = 5
19 :  465  ->  3 token_num = 5
20 :  465  ->  0 token_num = 5
21 :  465  ->  1 token_num = 5
22 :  465  ->  1 token_num = 5
23 :  465  ->  1 token_num = 5
24 :  465  ->  1 token_num = 5
25 :  651  ->  0 token_num = 6
26 :  651  ->  6 token_num = 6
27 :  651  ->  1 token_num = 6
28 :  651  ->  3 token_num = 6
29 :  651  ->  3 token_num = 6
30 :  651  ->  4 token_num = 6
31 :  651  ->  2 token_num = 6
32 :  651  ->  43 token_num = 6
33 :  868  ->  3 token_num = 7
34 :  868  ->  1 token_num = 7
35 :  868  ->  2 token_num = 7
36 :  868  ->  0 token_num = 7
37 :  868  ->  1 token_num = 7
38 :  868  ->  1 token_num = 7
39 :  868  ->  2 token_num = 7
40 :  868  ->  6 token_num = 7
41 :  868  ->  1 token_num = 7
42 :  1116  ->  3 token_num = 8
43 :  1116  ->  6 token_num = 8
44 :  1395  ->  1 token_num = 9
45 :  1395  ->  0 token_num = 9
46 :  1395  ->  16 token_num = 9
47 :  1705  ->  20 token_num = 10
48 :  1705  ->  6 token_num = 10
49 :  2418  ->  238 token_num = 12
50 :  2821  ->  0 token_num = 13
51 :  2821  ->  118 token_num = 13
52 :  2821  ->  110 token_num = 13
53 :  3255  ->  217 token_num = 14
54 :  3720  ->  41 token_num = 15
55 :  4216  ->  279 token_num = 16
56 :  4743  ->  0 token_num = 17
57 :  4743  ->  130 token_num = 17
58 :  5301  ->  67 token_num = 18
59 :  5301  ->  63 token_num = 18
60 :  5301  ->  58 token_num = 18
61 :  5890  ->  538 token_num = 19
62 :  5890  ->  9 token_num = 19
63 :  5890  ->  1 token_num = 19
64 :  5890  ->  380 token_num = 19
65 :  6510  ->  23 token_num = 20
66 :  7843  ->  273 token_num = 22
67 :  7843  ->  236 token_num = 22
68 :  7843  ->  290 token_num = 22
69 :  8556  ->  21 token_num = 23
70 :  9300  ->  751 token_num = 24
71 :  10881  ->  146 token_num = 26
72 :  10881  ->  122 token_num = 26
73 :  10881  ->  149 token_num = 26
74 :  11718  ->  47 token_num = 27
75 :  12586  ->  95 token_num = 28
76 :  13485  ->  257 token_num = 29
77 :  13485  ->  1 token_num = 29
78 :  13485  ->  2 token_num = 29
79 :  13485  ->  5 token_num = 29
80 :  14415  ->  81 token_num = 30
81 :  15376  ->  185 token_num = 31
82 :  16337  ->  51 token_num = 32
83 :  16337  ->  33 token_num = 32
84 :  16337  ->  1194 token_num = 32
85 :  16337  ->  5238 token_num = 32
86 :  20181  ->  108 token_num = 36
87 :  20181  ->  23 token_num = 36
88 :  21142  ->  1233 token_num = 37
89 :  21142  ->  123 token_num = 37
90 :  22103  ->  1531 token_num = 38
91 :  23064  ->  289 token_num = 39
92 :  23064  ->  3698 token_num = 39
93 :  26908  ->  21 token_num = 43
94 :  26908  ->  1949 token_num = 43
95 :  28830  ->  3 token_num = 45
96 :  28830  ->  481 token_num = 45
97 :  29791  ->  6 token_num = 46
98 :  29791  ->  504 token_num = 46
99 :  32674  ->  144 token_num = 49
100 :  33635  ->  941 token_num = 50
101 :  38440  ->  291 token_num = 55
102 :  39401  ->  272 token_num = 56
103 :  46128  ->  31358 token_num = 63
104 :  53816  ->  1645 token_num = 71
105 :  57660  ->  82 token_num = 75
           correct_num  wrong_num  predict_num  ...  precision  recall      f1
Arg             0.0000        7.0          7.0  ...     0.0000     NaN     NaN
Arg0           17.0000       35.0         52.0  ...     0.3269  0.4250  0.3696
Arg1           22.0000       51.0         73.0  ...     0.3014  0.2821  0.2914
Arg2            7.0000       37.0         44.0  ...     0.1591  0.2059  0.1795
Arg3            0.0000        4.0          4.0  ...     0.0000  0.0000     NaN
Arg4            0.0000        1.0          1.0  ...     0.0000     NaN     NaN
Arg5            0.0000        4.0          4.0  ...     0.0000  0.0000     NaN
ArgA            0.0000        4.0          4.0  ...     0.0000  0.0000     NaN
ArgM            0.0000        7.0          7.0  ...     0.0000     NaN     NaN
ArgM2           0.0000        5.0          5.0  ...     0.0000     NaN     NaN
ArgM_ADV        0.0000       39.0         39.0  ...     0.0000  0.0000     NaN
ArgM_AND        0.0000        7.0          7.0  ...     0.0000     NaN     NaN
ArgM_BUT        0.0000        4.0          4.0  ...     0.0000     NaN     NaN
ArgM_CAU        0.0000        7.0          7.0  ...     0.0000  0.0000     NaN
ArgM_CMP        0.0000        8.0          8.0  ...     0.0000  0.0000     NaN
ArgM_CND        0.0000        5.0          5.0  ...     0.0000     NaN     NaN
ArgM_CRT        0.0000        1.0          1.0  ...     0.0000  0.0000     NaN
ArgM_DIR        0.0000        5.0          5.0  ...     0.0000  0.0000     NaN
ArgM_EXT        0.0000        6.0          6.0  ...     0.0000     NaN     NaN
ArgM_GOL        0.0000        7.0          7.0  ...     0.0000     NaN     NaN
ArgM_LOC        0.0000       13.0         13.0  ...     0.0000  0.0000     NaN
ArgM_MDF        0.0000        7.0          7.0  ...     0.0000     NaN     NaN
ArgM_MNR        0.0000       10.0         10.0  ...     0.0000  0.0000     NaN
ArgM_MNS        0.0000        7.0          7.0  ...     0.0000     NaN     NaN
ArgM_NEG        1.0000       10.0         11.0  ...     0.0909  0.3333  0.1429
ArgM_PRP        0.0000        3.0          3.0  ...     0.0000     NaN     NaN
ArgM_PRX        0.0000        7.0          7.0  ...     0.0000  0.0000     NaN
ArgM_REC        0.0000       11.0         11.0  ...     0.0000     NaN     NaN
ArgM_SCP        0.0000        7.0          7.0  ...     0.0000     NaN     NaN
ArgM_SPK        0.0000        5.0          5.0  ...     0.0000     NaN     NaN
ArgM_TMP        0.0000       11.0         11.0  ...     0.0000  0.0000     NaN
sum            47.0000      335.0        382.0  ...     0.8783  1.2463  0.9833
precision       0.1230        NaN          NaN  ...        NaN     NaN     NaN
recall          0.2500        NaN          NaN  ...        NaN     NaN     NaN
f1              0.1649        NaN          NaN  ...        NaN     NaN     NaN
f1_macro        0.0634        NaN          NaN  ...        NaN     NaN     NaN

[36 rows x 8 columns]
No change in valid f1

Progress 0 / 864 tensor(4)
epoch 4 	 loss 13.231230273842812
0 :  93  ->  1 token_num = 2
1 :  186  ->  1 token_num = 3
2 :  186  ->  3 token_num = 3
3 :  186  ->  3 token_num = 3
4 :  310  ->  1 token_num = 4
5 :  310  ->  1 token_num = 4
6 :  310  ->  1 token_num = 4
7 :  310  ->  0 token_num = 4
8 :  310  ->  1 token_num = 4
9 :  310  ->  1 token_num = 4
10 :  310  ->  1 token_num = 4
11 :  310  ->  0 token_num = 4
12 :  310  ->  0 token_num = 4
13 :  310  ->  1 token_num = 4
14 :  310  ->  0 token_num = 4
15 :  310  ->  1 token_num = 4
16 :  465  ->  3 token_num = 5
17 :  465  ->  1 token_num = 5
18 :  465  ->  0 token_num = 5
19 :  465  ->  14 token_num = 5
20 :  465  ->  0 token_num = 5
21 :  465  ->  1 token_num = 5
22 :  465  ->  1 token_num = 5
23 :  465  ->  1 token_num = 5
24 :  465  ->  2 token_num = 5
25 :  651  ->  0 token_num = 6
26 :  651  ->  32 token_num = 6
27 :  651  ->  1 token_num = 6
28 :  651  ->  55 token_num = 6
29 :  651  ->  3 token_num = 6
30 :  651  ->  4 token_num = 6
31 :  651  ->  4 token_num = 6
32 :  651  ->  77 token_num = 6
33 :  868  ->  2 token_num = 7
34 :  868  ->  3 token_num = 7
35 :  868  ->  1 token_num = 7
36 :  868  ->  0 token_num = 7
37 :  868  ->  1 token_num = 7
38 :  868  ->  1 token_num = 7
39 :  868  ->  1 token_num = 7
40 :  868  ->  2 token_num = 7
41 :  868  ->  1 token_num = 7
42 :  1116  ->  5 token_num = 8
43 :  1116  ->  5 token_num = 8
44 :  1395  ->  0 token_num = 9
45 :  1395  ->  0 token_num = 9
46 :  1395  ->  9 token_num = 9
47 :  1705  ->  9 token_num = 10
48 :  1705  ->  7 token_num = 10
49 :  2418  ->  37 token_num = 12
50 :  2821  ->  2 token_num = 13
51 :  2821  ->  18 token_num = 13
52 :  2821  ->  13 token_num = 13
53 :  3255  ->  55 token_num = 14
54 :  3720  ->  7 token_num = 15
55 :  4216  ->  123 token_num = 16
56 :  4743  ->  1 token_num = 17
57 :  4743  ->  19 token_num = 17
58 :  5301  ->  12 token_num = 18
59 :  5301  ->  7 token_num = 18
60 :  5301  ->  96 token_num = 18
61 :  5890  ->  42 token_num = 19
62 :  5890  ->  100 token_num = 19
63 :  5890  ->  1 token_num = 19
64 :  5890  ->  44 token_num = 19
65 :  6510  ->  67 token_num = 20
66 :  7843  ->  109 token_num = 22
67 :  7843  ->  2 token_num = 22
68 :  7843  ->  296 token_num = 22
69 :  8556  ->  10 token_num = 23
70 :  9300  ->  433 token_num = 24
71 :  10881  ->  17 token_num = 26
72 :  10881  ->  870 token_num = 26
73 :  10881  ->  68 token_num = 26
74 :  11718  ->  24 token_num = 27
75 :  12586  ->  479 token_num = 28
76 :  13485  ->  374 token_num = 29
77 :  13485  ->  5 token_num = 29
78 :  13485  ->  3 token_num = 29
79 :  13485  ->  11 token_num = 29
80 :  14415  ->  356 token_num = 30
81 :  15376  ->  1266 token_num = 31
82 :  16337  ->  42 token_num = 32
83 :  16337  ->  438 token_num = 32
84 :  16337  ->  3723 token_num = 32
85 :  16337  ->  5065 token_num = 32
86 :  20181  ->  120 token_num = 36
87 :  20181  ->  51 token_num = 36
88 :  21142  ->  1946 token_num = 37
89 :  21142  ->  253 token_num = 37
90 :  22103  ->  471 token_num = 38
91 :  23064  ->  523 token_num = 39
92 :  23064  ->  8026 token_num = 39
93 :  26908  ->  365 token_num = 43
94 :  26908  ->  102 token_num = 43
95 :  28830  ->  99 token_num = 45
96 :  28830  ->  763 token_num = 45
97 :  29791  ->  52 token_num = 46
98 :  29791  ->  948 token_num = 46
99 :  32674  ->  412 token_num = 49
100 :  33635  ->  43 token_num = 50
101 :  38440  ->  524 token_num = 55
102 :  39401  ->  160 token_num = 56
103 :  46128  ->  33178 token_num = 63
104 :  53816  ->  1045 token_num = 71
105 :  57660  ->  316 token_num = 75
           correct_num  wrong_num  predict_num  ...  precision  recall      f1
Arg             0.0000        7.0          7.0  ...     0.0000     NaN     NaN
Arg0           23.0000       31.0         54.0  ...     0.4259  0.5750  0.4894
Arg1           19.0000       50.0         69.0  ...     0.2754  0.2436  0.2585
Arg2            3.0000       39.0         42.0  ...     0.0714  0.0882  0.0789
Arg3            0.0000        8.0          8.0  ...     0.0000  0.0000     NaN
Arg4            0.0000        4.0          4.0  ...     0.0000     NaN     NaN
Arg5            0.0000        6.0          6.0  ...     0.0000  0.0000     NaN
ArgA            0.0000        0.0          0.0  ...        NaN  0.0000     NaN
ArgM            0.0000        4.0          4.0  ...     0.0000     NaN     NaN
ArgM2           0.0000        2.0          2.0  ...     0.0000     NaN     NaN
ArgM_ADV        1.0000       43.0         44.0  ...     0.0227  0.1250  0.0385
ArgM_AND        0.0000        5.0          5.0  ...     0.0000     NaN     NaN
ArgM_BUT        0.0000       10.0         10.0  ...     0.0000     NaN     NaN
ArgM_CAU        0.0000        5.0          5.0  ...     0.0000  0.0000     NaN
ArgM_CMP        0.0000       12.0         12.0  ...     0.0000  0.0000     NaN
ArgM_CND        0.0000        3.0          3.0  ...     0.0000     NaN     NaN
ArgM_CRT        0.0000        1.0          1.0  ...     0.0000  0.0000     NaN
ArgM_DIR        0.0000        7.0          7.0  ...     0.0000  0.0000     NaN
ArgM_EXT        0.0000        4.0          4.0  ...     0.0000     NaN     NaN
ArgM_GOL        0.0000        3.0          3.0  ...     0.0000     NaN     NaN
ArgM_LOC        0.0000       13.0         13.0  ...     0.0000  0.0000     NaN
ArgM_MDF        0.0000        5.0          5.0  ...     0.0000     NaN     NaN
ArgM_MNR        0.0000       10.0         10.0  ...     0.0000  0.0000     NaN
ArgM_MNS        0.0000        8.0          8.0  ...     0.0000     NaN     NaN
ArgM_NEG        1.0000        2.0          3.0  ...     0.3333  0.3333  0.3333
ArgM_PRP        0.0000        2.0          2.0  ...     0.0000     NaN     NaN
ArgM_PRX        0.0000        1.0          1.0  ...     0.0000  0.0000     NaN
ArgM_REC        0.0000        8.0          8.0  ...     0.0000     NaN     NaN
ArgM_SCP        0.0000        7.0          7.0  ...     0.0000     NaN     NaN
ArgM_SPK        0.0000        5.0          5.0  ...     0.0000     NaN     NaN
ArgM_TMP        0.0000       20.0         20.0  ...     0.0000  0.0000     NaN
sum            47.0000      325.0        372.0  ...     1.1288  1.3652  1.1986
precision       0.1263        NaN          NaN  ...        NaN     NaN     NaN
recall          0.2500        NaN          NaN  ...        NaN     NaN     NaN
f1              0.1679        NaN          NaN  ...        NaN     NaN     NaN
f1_macro        0.0773        NaN          NaN  ...        NaN     NaN     NaN

[36 rows x 8 columns]
No change in valid f1

Progress 0 / 864 tensor(4)
epoch 5 	 loss 12.819210946559906
0 :  93  ->  1 token_num = 2
1 :  186  ->  1 token_num = 3
2 :  186  ->  3 token_num = 3
3 :  186  ->  3 token_num = 3
4 :  310  ->  1 token_num = 4
5 :  310  ->  1 token_num = 4
6 :  310  ->  2 token_num = 4
7 :  310  ->  0 token_num = 4
8 :  310  ->  1 token_num = 4
9 :  310  ->  1 token_num = 4
10 :  310  ->  1 token_num = 4
11 :  310  ->  0 token_num = 4
12 :  310  ->  1 token_num = 4
13 :  310  ->  1 token_num = 4
14 :  310  ->  1 token_num = 4
15 :  310  ->  1 token_num = 4
16 :  465  ->  3 token_num = 5
17 :  465  ->  1 token_num = 5
18 :  465  ->  0 token_num = 5
19 :  465  ->  6 token_num = 5
20 :  465  ->  0 token_num = 5
21 :  465  ->  1 token_num = 5
22 :  465  ->  1 token_num = 5
23 :  465  ->  1 token_num = 5
24 :  465  ->  4 token_num = 5
25 :  651  ->  1 token_num = 6
26 :  651  ->  16 token_num = 6
27 :  651  ->  2 token_num = 6
28 :  651  ->  1 token_num = 6
29 :  651  ->  4 token_num = 6
30 :  651  ->  5 token_num = 6
31 :  651  ->  4 token_num = 6
32 :  651  ->  65 token_num = 6
33 :  868  ->  2 token_num = 7
34 :  868  ->  4 token_num = 7
35 :  868  ->  6 token_num = 7
36 :  868  ->  0 token_num = 7
37 :  868  ->  1 token_num = 7
38 :  868  ->  3 token_num = 7
39 :  868  ->  1 token_num = 7
40 :  868  ->  3 token_num = 7
41 :  868  ->  2 token_num = 7
42 :  1116  ->  6 token_num = 8
43 :  1116  ->  6 token_num = 8
44 :  1395  ->  0 token_num = 9
45 :  1395  ->  0 token_num = 9
46 :  1395  ->  15 token_num = 9
47 :  1705  ->  34 token_num = 10
48 :  1705  ->  4 token_num = 10
49 :  2418  ->  157 token_num = 12
50 :  2821  ->  0 token_num = 13
51 :  2821  ->  157 token_num = 13
52 :  2821  ->  167 token_num = 13
53 :  3255  ->  176 token_num = 14
54 :  3720  ->  44 token_num = 15
55 :  4216  ->  394 token_num = 16
56 :  4743  ->  4 token_num = 17
57 :  4743  ->  109 token_num = 17
58 :  5301  ->  28 token_num = 18
59 :  5301  ->  55 token_num = 18
60 :  5301  ->  124 token_num = 18
61 :  5890  ->  1045 token_num = 19
62 :  5890  ->  5 token_num = 19
63 :  5890  ->  0 token_num = 19
64 :  5890  ->  153 token_num = 19
65 :  6510  ->  70 token_num = 20
66 :  7843  ->  388 token_num = 22
67 :  7843  ->  144 token_num = 22
68 :  7843  ->  453 token_num = 22
69 :  8556  ->  11 token_num = 23
70 :  9300  ->  367 token_num = 24
71 :  10881  ->  24 token_num = 26
72 :  10881  ->  113 token_num = 26
73 :  10881  ->  67 token_num = 26
74 :  11718  ->  13 token_num = 27
75 :  12586  ->  335 token_num = 28
76 :  13485  ->  518 token_num = 29
77 :  13485  ->  14 token_num = 29
78 :  13485  ->  5 token_num = 29
79 :  13485  ->  102 token_num = 29
80 :  14415  ->  225 token_num = 30
81 :  15376  ->  182 token_num = 31
82 :  16337  ->  160 token_num = 32
83 :  16337  ->  35 token_num = 32
84 :  16337  ->  4044 token_num = 32
85 :  16337  ->  5194 token_num = 32
86 :  20181  ->  83 token_num = 36
87 :  20181  ->  58 token_num = 36
88 :  21142  ->  3094 token_num = 37
89 :  21142  ->  573 token_num = 37
90 :  22103  ->  1524 token_num = 38
91 :  23064  ->  475 token_num = 39
92 :  23064  ->  5964 token_num = 39
93 :  26908  ->  86 token_num = 43
94 :  26908  ->  1486 token_num = 43
95 :  28830  ->  1 token_num = 45
96 :  28830  ->  1016 token_num = 45
97 :  29791  ->  6 token_num = 46
98 :  29791  ->  422 token_num = 46
99 :  32674  ->  350 token_num = 49
100 :  33635  ->  519 token_num = 50
101 :  38440  ->  609 token_num = 55
102 :  39401  ->  786 token_num = 56
103 :  46128  ->  30359 token_num = 63
104 :  53816  ->  4027 token_num = 71
105 :  57660  ->  99 token_num = 75
           correct_num  wrong_num  predict_num  ...  precision  recall      f1
Arg             0.0000        4.0          4.0  ...     0.0000     NaN     NaN
Arg0           28.0000       37.0         65.0  ...     0.4308  0.7000  0.5333
Arg1           22.0000       52.0         74.0  ...     0.2973  0.2821  0.2895
Arg2            8.0000       41.0         49.0  ...     0.1633  0.2353  0.1928
Arg3            0.0000        8.0          8.0  ...     0.0000  0.0000     NaN
Arg4            0.0000        4.0          4.0  ...     0.0000     NaN     NaN
Arg5            0.0000        0.0          0.0  ...        NaN  0.0000     NaN
ArgA            0.0000        4.0          4.0  ...     0.0000  0.0000     NaN
ArgM            0.0000        6.0          6.0  ...     0.0000     NaN     NaN
ArgM2           0.0000        7.0          7.0  ...     0.0000     NaN     NaN
ArgM_ADV        2.0000       58.0         60.0  ...     0.0333  0.2500  0.0588
ArgM_AND        0.0000        6.0          6.0  ...     0.0000     NaN     NaN
ArgM_BUT        0.0000        5.0          5.0  ...     0.0000     NaN     NaN
ArgM_CAU        0.0000        4.0          4.0  ...     0.0000  0.0000     NaN
ArgM_CMP        0.0000        2.0          2.0  ...     0.0000  0.0000     NaN
ArgM_CND        0.0000        5.0          5.0  ...     0.0000     NaN     NaN
ArgM_CRT        0.0000        4.0          4.0  ...     0.0000  0.0000     NaN
ArgM_DIR        0.0000        3.0          3.0  ...     0.0000  0.0000     NaN
ArgM_EXT        0.0000        5.0          5.0  ...     0.0000     NaN     NaN
ArgM_GOL        0.0000        3.0          3.0  ...     0.0000     NaN     NaN
ArgM_LOC        0.0000       17.0         17.0  ...     0.0000  0.0000     NaN
ArgM_MDF        0.0000        4.0          4.0  ...     0.0000     NaN     NaN
ArgM_MNR        0.0000       12.0         12.0  ...     0.0000  0.0000     NaN
ArgM_MNS        0.0000        6.0          6.0  ...     0.0000     NaN     NaN
ArgM_NEG        1.0000        6.0          7.0  ...     0.1429  0.3333  0.2000
ArgM_PRP        0.0000        4.0          4.0  ...     0.0000     NaN     NaN
ArgM_PRX        0.0000        5.0          5.0  ...     0.0000  0.0000     NaN
ArgM_REC        0.0000        6.0          6.0  ...     0.0000     NaN     NaN
ArgM_SCP        0.0000        3.0          3.0  ...     0.0000     NaN     NaN
ArgM_SPK        0.0000        5.0          5.0  ...     0.0000     NaN     NaN
ArgM_TMP        0.0000       23.0         23.0  ...     0.0000  0.0000     NaN
sum            61.0000      349.0        410.0  ...     1.0675  1.8007  1.2744
precision       0.1488        NaN          NaN  ...        NaN     NaN     NaN
recall          0.3245        NaN          NaN  ...        NaN     NaN     NaN
f1              0.2040        NaN          NaN  ...        NaN     NaN     NaN
f1_macro        0.0822        NaN          NaN  ...        NaN     NaN     NaN

[36 rows x 8 columns]
Valid f1 =  0.204 

Progress 0 / 864 tensor(4)
epoch 6 	 loss 9.733117707073689
0 :  93  ->  0 token_num = 2
1 :  186  ->  0 token_num = 3
2 :  186  ->  1 token_num = 3
3 :  186  ->  2 token_num = 3
4 :  310  ->  1 token_num = 4
5 :  310  ->  2 token_num = 4
6 :  310  ->  2 token_num = 4
7 :  310  ->  0 token_num = 4
8 :  310  ->  3 token_num = 4
9 :  310  ->  1 token_num = 4
10 :  310  ->  2 token_num = 4
11 :  310  ->  1 token_num = 4
12 :  310  ->  1 token_num = 4
13 :  310  ->  2 token_num = 4
14 :  310  ->  1 token_num = 4
15 :  310  ->  1 token_num = 4
16 :  465  ->  3 token_num = 5
17 :  465  ->  3 token_num = 5
18 :  465  ->  1 token_num = 5
19 :  465  ->  11 token_num = 5
20 :  465  ->  4 token_num = 5
21 :  465  ->  2 token_num = 5
22 :  465  ->  1 token_num = 5
23 :  465  ->  1 token_num = 5
24 :  465  ->  4 token_num = 5
25 :  651  ->  2 token_num = 6
26 :  651  ->  108 token_num = 6
27 :  651  ->  4 token_num = 6
28 :  651  ->  0 token_num = 6
29 :  651  ->  4 token_num = 6
30 :  651  ->  6 token_num = 6
31 :  651  ->  4 token_num = 6
32 :  651  ->  33 token_num = 6
33 :  868  ->  10 token_num = 7
34 :  868  ->  17 token_num = 7
35 :  868  ->  38 token_num = 7
36 :  868  ->  0 token_num = 7
37 :  868  ->  2 token_num = 7
38 :  868  ->  12 token_num = 7
39 :  868  ->  3 token_num = 7
40 :  868  ->  6 token_num = 7
41 :  868  ->  4 token_num = 7
42 :  1116  ->  6 token_num = 8
43 :  1116  ->  15 token_num = 8
44 :  1395  ->  1 token_num = 9
45 :  1395  ->  0 token_num = 9
46 :  1395  ->  11 token_num = 9
47 :  1705  ->  50 token_num = 10
48 :  1705  ->  4 token_num = 10
49 :  2418  ->  253 token_num = 12
50 :  2821  ->  0 token_num = 13
51 :  2821  ->  47 token_num = 13
52 :  2821  ->  251 token_num = 13
53 :  3255  ->  79 token_num = 14
54 :  3720  ->  90 token_num = 15
55 :  4216  ->  333 token_num = 16
56 :  4743  ->  0 token_num = 17
57 :  4743  ->  152 token_num = 17
58 :  5301  ->  100 token_num = 18
59 :  5301  ->  43 token_num = 18
60 :  5301  ->  111 token_num = 18
61 :  5890  ->  296 token_num = 19
62 :  5890  ->  3 token_num = 19
63 :  5890  ->  0 token_num = 19
64 :  5890  ->  65 token_num = 19
65 :  6510  ->  68 token_num = 20
66 :  7843  ->  386 token_num = 22
67 :  7843  ->  233 token_num = 22
68 :  7843  ->  588 token_num = 22
69 :  8556  ->  64 token_num = 23
70 :  9300  ->  722 token_num = 24
71 :  10881  ->  15 token_num = 26
72 :  10881  ->  92 token_num = 26
73 :  10881  ->  220 token_num = 26
74 :  11718  ->  34 token_num = 27
75 :  12586  ->  316 token_num = 28
76 :  13485  ->  244 token_num = 29
77 :  13485  ->  5 token_num = 29
78 :  13485  ->  15 token_num = 29
79 :  13485  ->  4 token_num = 29
80 :  14415  ->  127 token_num = 30
81 :  15376  ->  655 token_num = 31
82 :  16337  ->  254 token_num = 32
83 :  16337  ->  119 token_num = 32
84 :  16337  ->  3942 token_num = 32
85 :  16337  ->  4510 token_num = 32
86 :  20181  ->  77 token_num = 36
87 :  20181  ->  101 token_num = 36
88 :  21142  ->  3663 token_num = 37
89 :  21142  ->  939 token_num = 37
90 :  22103  ->  602 token_num = 38
91 :  23064  ->  135 token_num = 39
92 :  23064  ->  6109 token_num = 39
93 :  26908  ->  486 token_num = 43
94 :  26908  ->  541 token_num = 43
95 :  28830  ->  3 token_num = 45
96 :  28830  ->  2141 token_num = 45
97 :  29791  ->  0 token_num = 46
98 :  29791  ->  392 token_num = 46
99 :  32674  ->  20 token_num = 49
100 :  33635  ->  310 token_num = 50
101 :  38440  ->  629 token_num = 55
102 :  39401  ->  136 token_num = 56
103 :  46128  ->  32054 token_num = 63
104 :  53816  ->  7270 token_num = 71
105 :  57660  ->  83 token_num = 75
           correct_num  wrong_num  predict_num  ...  precision  recall      f1
Arg             0.0000        2.0          2.0  ...     0.0000     NaN     NaN
Arg0           29.0000       35.0         64.0  ...     0.4531  0.7250  0.5577
Arg1           22.0000       47.0         69.0  ...     0.3188  0.2821  0.2993
Arg2            6.0000       45.0         51.0  ...     0.1176  0.1765  0.1412
Arg3            0.0000        8.0          8.0  ...     0.0000  0.0000     NaN
Arg4            0.0000        5.0          5.0  ...     0.0000     NaN     NaN
Arg5            0.0000        1.0          1.0  ...     0.0000  0.0000     NaN
ArgA            0.0000        6.0          6.0  ...     0.0000  0.0000     NaN
ArgM            0.0000        4.0          4.0  ...     0.0000     NaN     NaN
ArgM2           0.0000        7.0          7.0  ...     0.0000     NaN     NaN
ArgM_ADV        0.0000       66.0         66.0  ...     0.0000  0.0000     NaN
ArgM_AND        0.0000        6.0          6.0  ...     0.0000     NaN     NaN
ArgM_BUT        0.0000       10.0         10.0  ...     0.0000     NaN     NaN
ArgM_CAU        0.0000        7.0          7.0  ...     0.0000  0.0000     NaN
ArgM_CMP        0.0000        5.0          5.0  ...     0.0000  0.0000     NaN
ArgM_CND        0.0000        5.0          5.0  ...     0.0000     NaN     NaN
ArgM_CRT        0.0000        9.0          9.0  ...     0.0000  0.0000     NaN
ArgM_DIR        0.0000        5.0          5.0  ...     0.0000  0.0000     NaN
ArgM_EXT        0.0000        4.0          4.0  ...     0.0000     NaN     NaN
ArgM_GOL        0.0000        4.0          4.0  ...     0.0000     NaN     NaN
ArgM_LOC        0.0000       25.0         25.0  ...     0.0000  0.0000     NaN
ArgM_MDF        0.0000        6.0          6.0  ...     0.0000     NaN     NaN
ArgM_MNR        0.0000       16.0         16.0  ...     0.0000  0.0000     NaN
ArgM_MNS        0.0000        9.0          9.0  ...     0.0000     NaN     NaN
ArgM_NEG        1.0000        9.0         10.0  ...     0.1000  0.3333  0.1538
ArgM_PRP        0.0000        2.0          2.0  ...     0.0000     NaN     NaN
ArgM_PRX        0.0000        7.0          7.0  ...     0.0000  0.0000     NaN
ArgM_REC        0.0000       14.0         14.0  ...     0.0000     NaN     NaN
ArgM_SCP        0.0000        6.0          6.0  ...     0.0000     NaN     NaN
ArgM_SPK        0.0000        5.0          5.0  ...     0.0000     NaN     NaN
ArgM_TMP        1.0000       25.0         26.0  ...     0.0385  0.1429  0.0606
sum            59.0000      405.0        464.0  ...     1.0281  1.6597  1.2126
precision       0.1272        NaN          NaN  ...        NaN     NaN     NaN
recall          0.3138        NaN          NaN  ...        NaN     NaN     NaN
f1              0.1810        NaN          NaN  ...        NaN     NaN     NaN
f1_macro        0.0782        NaN          NaN  ...        NaN     NaN     NaN

[36 rows x 8 columns]
No change in valid f1

Progress 0 / 864 tensor(4)
epoch 7 	 loss 6.33922178670764
0 :  93  ->  1 token_num = 2
1 :  186  ->  1 token_num = 3
2 :  186  ->  2 token_num = 3
3 :  186  ->  3 token_num = 3
4 :  310  ->  1 token_num = 4
5 :  310  ->  2 token_num = 4
6 :  310  ->  3 token_num = 4
7 :  310  ->  0 token_num = 4
8 :  310  ->  1 token_num = 4
9 :  310  ->  2 token_num = 4
10 :  310  ->  2 token_num = 4
11 :  310  ->  1 token_num = 4
12 :  310  ->  1 token_num = 4
13 :  310  ->  2 token_num = 4
14 :  310  ->  1 token_num = 4
15 :  310  ->  3 token_num = 4
16 :  465  ->  3 token_num = 5
17 :  465  ->  2 token_num = 5
18 :  465  ->  0 token_num = 5
19 :  465  ->  9 token_num = 5
20 :  465  ->  3 token_num = 5
21 :  465  ->  2 token_num = 5
22 :  465  ->  2 token_num = 5
23 :  465  ->  2 token_num = 5
24 :  465  ->  4 token_num = 5
25 :  651  ->  2 token_num = 6
26 :  651  ->  41 token_num = 6
27 :  651  ->  3 token_num = 6
28 :  651  ->  0 token_num = 6
29 :  651  ->  4 token_num = 6
30 :  651  ->  5 token_num = 6
31 :  651  ->  6 token_num = 6
32 :  651  ->  52 token_num = 6
33 :  868  ->  10 token_num = 7
34 :  868  ->  9 token_num = 7
35 :  868  ->  9 token_num = 7
36 :  868  ->  0 token_num = 7
37 :  868  ->  2 token_num = 7
38 :  868  ->  5 token_num = 7
39 :  868  ->  6 token_num = 7
40 :  868  ->  7 token_num = 7
41 :  868  ->  3 token_num = 7
42 :  1116  ->  7 token_num = 8
43 :  1116  ->  14 token_num = 8
44 :  1395  ->  2 token_num = 9
45 :  1395  ->  0 token_num = 9
46 :  1395  ->  9 token_num = 9
47 :  1705  ->  38 token_num = 10
48 :  1705  ->  8 token_num = 10
49 :  2418  ->  34 token_num = 12
50 :  2821  ->  1 token_num = 13
51 :  2821  ->  5 token_num = 13
52 :  2821  ->  14 token_num = 13
53 :  3255  ->  47 token_num = 14
54 :  3720  ->  62 token_num = 15
55 :  4216  ->  100 token_num = 16
56 :  4743  ->  2 token_num = 17
57 :  4743  ->  35 token_num = 17
58 :  5301  ->  4 token_num = 18
59 :  5301  ->  1 token_num = 18
60 :  5301  ->  106 token_num = 18
61 :  5890  ->  213 token_num = 19
62 :  5890  ->  57 token_num = 19
63 :  5890  ->  1 token_num = 19
64 :  5890  ->  56 token_num = 19
65 :  6510  ->  20 token_num = 20
66 :  7843  ->  138 token_num = 22
67 :  7843  ->  14 token_num = 22
68 :  7843  ->  323 token_num = 22
69 :  8556  ->  5 token_num = 23
70 :  9300  ->  460 token_num = 24
71 :  10881  ->  33 token_num = 26
72 :  10881  ->  199 token_num = 26
73 :  10881  ->  104 token_num = 26
74 :  11718  ->  4 token_num = 27
75 :  12586  ->  217 token_num = 28
76 :  13485  ->  214 token_num = 29
77 :  13485  ->  7 token_num = 29
78 :  13485  ->  13 token_num = 29
79 :  13485  ->  3 token_num = 29
80 :  14415  ->  181 token_num = 30
81 :  15376  ->  2070 token_num = 31
82 :  16337  ->  72 token_num = 32
83 :  16337  ->  89 token_num = 32
84 :  16337  ->  3347 token_num = 32
85 :  16337  ->  4389 token_num = 32
86 :  20181  ->  228 token_num = 36
87 :  20181  ->  121 token_num = 36
88 :  21142  ->  2148 token_num = 37
89 :  21142  ->  344 token_num = 37
90 :  22103  ->  263 token_num = 38
91 :  23064  ->  315 token_num = 39
92 :  23064  ->  5918 token_num = 39
93 :  26908  ->  277 token_num = 43
94 :  26908  ->  289 token_num = 43
95 :  28830  ->  37 token_num = 45
96 :  28830  ->  1174 token_num = 45
97 :  29791  ->  27 token_num = 46
98 :  29791  ->  255 token_num = 46
99 :  32674  ->  85 token_num = 49
100 :  33635  ->  223 token_num = 50
101 :  38440  ->  371 token_num = 55
102 :  39401  ->  164 token_num = 56
103 :  46128  ->  33349 token_num = 63
104 :  53816  ->  2378 token_num = 71
105 :  57660  ->  194 token_num = 75
           correct_num  wrong_num  predict_num  ...  precision  recall      f1
Arg             0.0000        4.0          4.0  ...     0.0000     NaN     NaN
Arg0           29.0000       39.0         68.0  ...     0.4265  0.7250  0.5370
Arg1           23.0000       45.0         68.0  ...     0.3382  0.2949  0.3151
Arg2            7.0000       44.0         51.0  ...     0.1373  0.2059  0.1647
Arg3            0.0000        8.0          8.0  ...     0.0000  0.0000     NaN
Arg4            0.0000        3.0          3.0  ...     0.0000     NaN     NaN
Arg5            0.0000        6.0          6.0  ...     0.0000  0.0000     NaN
ArgA            0.0000        2.0          2.0  ...     0.0000  0.0000     NaN
ArgM            0.0000        7.0          7.0  ...     0.0000     NaN     NaN
ArgM2           0.0000        3.0          3.0  ...     0.0000     NaN     NaN
ArgM_ADV        0.0000       49.0         49.0  ...     0.0000  0.0000     NaN
ArgM_AND        0.0000        2.0          2.0  ...     0.0000     NaN     NaN
ArgM_BUT        0.0000        7.0          7.0  ...     0.0000     NaN     NaN
ArgM_CAU        0.0000        4.0          4.0  ...     0.0000  0.0000     NaN
ArgM_CMP        0.0000        6.0          6.0  ...     0.0000  0.0000     NaN
ArgM_CND        0.0000        1.0          1.0  ...     0.0000     NaN     NaN
ArgM_CRT        0.0000        3.0          3.0  ...     0.0000  0.0000     NaN
ArgM_DIR        0.0000        4.0          4.0  ...     0.0000  0.0000     NaN
ArgM_EXT        0.0000        6.0          6.0  ...     0.0000     NaN     NaN
ArgM_GOL        0.0000        6.0          6.0  ...     0.0000     NaN     NaN
ArgM_LOC        0.0000       11.0         11.0  ...     0.0000  0.0000     NaN
ArgM_MDF        0.0000        6.0          6.0  ...     0.0000     NaN     NaN
ArgM_MNR        0.0000       17.0         17.0  ...     0.0000  0.0000     NaN
ArgM_MNS        0.0000        7.0          7.0  ...     0.0000     NaN     NaN
ArgM_NEG        2.0000       10.0         12.0  ...     0.1667  0.6667  0.2667
ArgM_PRP        0.0000        4.0          4.0  ...     0.0000     NaN     NaN
ArgM_PRX        0.0000        2.0          2.0  ...     0.0000  0.0000     NaN
ArgM_REC        0.0000        7.0          7.0  ...     0.0000     NaN     NaN
ArgM_SCP        0.0000        3.0          3.0  ...     0.0000     NaN     NaN
ArgM_SPK        0.0000        2.0          2.0  ...     0.0000     NaN     NaN
ArgM_TMP        0.0000       33.0         33.0  ...     0.0000  0.0000     NaN
sum            61.0000      351.0        412.0  ...     1.0686  1.8924  1.2835
precision       0.1481        NaN          NaN  ...        NaN     NaN     NaN
recall          0.3245        NaN          NaN  ...        NaN     NaN     NaN
f1              0.2033        NaN          NaN  ...        NaN     NaN     NaN
f1_macro        0.0828        NaN          NaN  ...        NaN     NaN     NaN

[36 rows x 8 columns]
No change in valid f1

Progress 0 / 864 tensor(4)
epoch 8 	 loss 5.495030315592885
0 :  93  ->  1 token_num = 2
1 :  186  ->  1 token_num = 3
2 :  186  ->  2 token_num = 3
3 :  186  ->  1 token_num = 3
4 :  310  ->  1 token_num = 4
5 :  310  ->  1 token_num = 4
6 :  310  ->  1 token_num = 4
7 :  310  ->  0 token_num = 4
8 :  310  ->  1 token_num = 4
9 :  310  ->  1 token_num = 4
10 :  310  ->  1 token_num = 4
11 :  310  ->  0 token_num = 4
12 :  310  ->  1 token_num = 4
13 :  310  ->  1 token_num = 4
14 :  310  ->  1 token_num = 4
15 :  310  ->  1 token_num = 4
16 :  465  ->  3 token_num = 5
17 :  465  ->  1 token_num = 5
18 :  465  ->  0 token_num = 5
19 :  465  ->  8 token_num = 5
20 :  465  ->  1 token_num = 5
21 :  465  ->  1 token_num = 5
22 :  465  ->  1 token_num = 5
23 :  465  ->  1 token_num = 5
24 :  465  ->  1 token_num = 5
25 :  651  ->  1 token_num = 6
26 :  651  ->  29 token_num = 6
27 :  651  ->  1 token_num = 6
28 :  651  ->  1 token_num = 6
29 :  651  ->  1 token_num = 6
30 :  651  ->  5 token_num = 6
31 :  651  ->  2 token_num = 6
32 :  651  ->  39 token_num = 6
33 :  868  ->  3 token_num = 7
34 :  868  ->  5 token_num = 7
35 :  868  ->  9 token_num = 7
36 :  868  ->  0 token_num = 7
37 :  868  ->  0 token_num = 7
38 :  868  ->  1 token_num = 7
39 :  868  ->  2 token_num = 7
40 :  868  ->  5 token_num = 7
41 :  868  ->  2 token_num = 7
42 :  1116  ->  4 token_num = 8
43 :  1116  ->  7 token_num = 8
44 :  1395  ->  0 token_num = 9
45 :  1395  ->  0 token_num = 9
46 :  1395  ->  8 token_num = 9
47 :  1705  ->  40 token_num = 10
48 :  1705  ->  2 token_num = 10
49 :  2418  ->  69 token_num = 12
50 :  2821  ->  0 token_num = 13
51 :  2821  ->  24 token_num = 13
52 :  2821  ->  27 token_num = 13
53 :  3255  ->  86 token_num = 14
54 :  3720  ->  37 token_num = 15
55 :  4216  ->  180 token_num = 16
56 :  4743  ->  0 token_num = 17
57 :  4743  ->  40 token_num = 17
58 :  5301  ->  8 token_num = 18
59 :  5301  ->  21 token_num = 18
60 :  5301  ->  76 token_num = 18
61 :  5890  ->  212 token_num = 19
62 :  5890  ->  10 token_num = 19
63 :  5890  ->  1 token_num = 19
64 :  5890  ->  118 token_num = 19
65 :  6510  ->  44 token_num = 20
66 :  7843  ->  222 token_num = 22
67 :  7843  ->  68 token_num = 22
68 :  7843  ->  333 token_num = 22
69 :  8556  ->  4 token_num = 23
70 :  9300  ->  476 token_num = 24
71 :  10881  ->  23 token_num = 26
72 :  10881  ->  132 token_num = 26
73 :  10881  ->  64 token_num = 26
74 :  11718  ->  10 token_num = 27
75 :  12586  ->  331 token_num = 28
76 :  13485  ->  431 token_num = 29
77 :  13485  ->  7 token_num = 29
78 :  13485  ->  6 token_num = 29
79 :  13485  ->  20 token_num = 29
80 :  14415  ->  193 token_num = 30
81 :  15376  ->  816 token_num = 31
82 :  16337  ->  194 token_num = 32
83 :  16337  ->  158 token_num = 32
84 :  16337  ->  2872 token_num = 32
85 :  16337  ->  4363 token_num = 32
86 :  20181  ->  114 token_num = 36
87 :  20181  ->  181 token_num = 36
88 :  21142  ->  2256 token_num = 37
89 :  21142  ->  521 token_num = 37
90 :  22103  ->  746 token_num = 38
91 :  23064  ->  314 token_num = 39
92 :  23064  ->  5161 token_num = 39
93 :  26908  ->  113 token_num = 43
94 :  26908  ->  571 token_num = 43
95 :  28830  ->  8 token_num = 45
96 :  28830  ->  1753 token_num = 45
97 :  29791  ->  1 token_num = 46
98 :  29791  ->  516 token_num = 46
99 :  32674  ->  56 token_num = 49
100 :  33635  ->  320 token_num = 50
101 :  38440  ->  600 token_num = 55
102 :  39401  ->  239 token_num = 56
103 :  46128  ->  33758 token_num = 63
104 :  53816  ->  2553 token_num = 71
105 :  57660  ->  75 token_num = 75
           correct_num  wrong_num  predict_num  ...  precision  recall      f1
Arg             0.0000        2.0          2.0  ...     0.0000     NaN     NaN
Arg0           22.0000       36.0         58.0  ...     0.3793  0.5500  0.4490
Arg1           21.0000       44.0         65.0  ...     0.3231  0.2692  0.2937
Arg2            4.0000       36.0         40.0  ...     0.1000  0.1176  0.1081
Arg3            0.0000       12.0         12.0  ...     0.0000  0.0000     NaN
Arg4            0.0000        7.0          7.0  ...     0.0000     NaN     NaN
Arg5            0.0000        9.0          9.0  ...     0.0000  0.0000     NaN
ArgA            0.0000        4.0          4.0  ...     0.0000  0.0000     NaN
ArgM            0.0000        3.0          3.0  ...     0.0000     NaN     NaN
ArgM2           0.0000        6.0          6.0  ...     0.0000     NaN     NaN
ArgM_ADV        0.0000       25.0         25.0  ...     0.0000  0.0000     NaN
ArgM_AND        0.0000        9.0          9.0  ...     0.0000     NaN     NaN
ArgM_BUT        0.0000        4.0          4.0  ...     0.0000     NaN     NaN
ArgM_CAU        0.0000       10.0         10.0  ...     0.0000  0.0000     NaN
ArgM_CMP        0.0000        6.0          6.0  ...     0.0000  0.0000     NaN
ArgM_CND        0.0000        6.0          6.0  ...     0.0000     NaN     NaN
ArgM_CRT        0.0000        4.0          4.0  ...     0.0000  0.0000     NaN
ArgM_DIR        0.0000        4.0          4.0  ...     0.0000  0.0000     NaN
ArgM_EXT        0.0000        6.0          6.0  ...     0.0000     NaN     NaN
ArgM_GOL        0.0000        2.0          2.0  ...     0.0000     NaN     NaN
ArgM_LOC        1.0000       19.0         20.0  ...     0.0500  0.3333  0.0870
ArgM_MDF        0.0000        8.0          8.0  ...     0.0000     NaN     NaN
ArgM_MNR        0.0000       18.0         18.0  ...     0.0000  0.0000     NaN
ArgM_MNS        0.0000       19.0         19.0  ...     0.0000     NaN     NaN
ArgM_NEG        2.0000       13.0         15.0  ...     0.1333  0.6667  0.2222
ArgM_PRP        0.0000        1.0          1.0  ...     0.0000     NaN     NaN
ArgM_PRX        0.0000       11.0         11.0  ...     0.0000  0.0000     NaN
ArgM_REC        0.0000       13.0         13.0  ...     0.0000     NaN     NaN
ArgM_SCP        0.0000        5.0          5.0  ...     0.0000     NaN     NaN
ArgM_SPK        0.0000        4.0          4.0  ...     0.0000     NaN     NaN
ArgM_TMP        1.0000       28.0         29.0  ...     0.0345  0.1429  0.0556
sum            51.0000      374.0        425.0  ...     1.0202  2.0797  1.2155
precision       0.1200        NaN          NaN  ...        NaN     NaN     NaN
recall          0.2713        NaN          NaN  ...        NaN     NaN     NaN
f1              0.1664        NaN          NaN  ...        NaN     NaN     NaN
f1_macro        0.0784        NaN          NaN  ...        NaN     NaN     NaN

[36 rows x 8 columns]
No change in valid f1

Progress 0 / 864 tensor(4)
epoch 9 	 loss 3.7358552552759647
0 :  93  ->  1 token_num = 2
1 :  186  ->  1 token_num = 3
2 :  186  ->  3 token_num = 3
3 :  186  ->  3 token_num = 3
4 :  310  ->  1 token_num = 4
5 :  310  ->  1 token_num = 4
6 :  310  ->  2 token_num = 4
7 :  310  ->  0 token_num = 4
8 :  310  ->  1 token_num = 4
9 :  310  ->  1 token_num = 4
10 :  310  ->  2 token_num = 4
11 :  310  ->  0 token_num = 4
12 :  310  ->  1 token_num = 4
13 :  310  ->  1 token_num = 4
14 :  310  ->  1 token_num = 4
15 :  310  ->  4 token_num = 4
16 :  465  ->  3 token_num = 5
17 :  465  ->  1 token_num = 5
18 :  465  ->  0 token_num = 5
19 :  465  ->  18 token_num = 5
20 :  465  ->  2 token_num = 5
21 :  465  ->  2 token_num = 5
22 :  465  ->  1 token_num = 5
23 :  465  ->  1 token_num = 5
24 :  465  ->  3 token_num = 5
25 :  651  ->  1 token_num = 6
26 :  651  ->  57 token_num = 6
27 :  651  ->  2 token_num = 6
28 :  651  ->  1 token_num = 6
29 :  651  ->  4 token_num = 6
30 :  651  ->  7 token_num = 6
31 :  651  ->  5 token_num = 6
32 :  651  ->  33 token_num = 6
33 :  868  ->  6 token_num = 7
34 :  868  ->  7 token_num = 7
35 :  868  ->  11 token_num = 7
36 :  868  ->  0 token_num = 7
37 :  868  ->  1 token_num = 7
38 :  868  ->  2 token_num = 7
39 :  868  ->  3 token_num = 7
40 :  868  ->  7 token_num = 7
41 :  868  ->  2 token_num = 7
42 :  1116  ->  5 token_num = 8
43 :  1116  ->  7 token_num = 8
44 :  1395  ->  1 token_num = 9
45 :  1395  ->  0 token_num = 9
46 :  1395  ->  9 token_num = 9
47 :  1705  ->  27 token_num = 10
48 :  1705  ->  6 token_num = 10
49 :  2418  ->  133 token_num = 12
50 :  2821  ->  1 token_num = 13
51 :  2821  ->  18 token_num = 13
52 :  2821  ->  40 token_num = 13
53 :  3255  ->  85 token_num = 14
54 :  3720  ->  59 token_num = 15
55 :  4216  ->  306 token_num = 16
56 :  4743  ->  1 token_num = 17
57 :  4743  ->  89 token_num = 17
58 :  5301  ->  36 token_num = 18
59 :  5301  ->  28 token_num = 18
60 :  5301  ->  107 token_num = 18
61 :  5890  ->  193 token_num = 19
62 :  5890  ->  10 token_num = 19
63 :  5890  ->  0 token_num = 19
64 :  5890  ->  83 token_num = 19
65 :  6510  ->  20 token_num = 20
66 :  7843  ->  280 token_num = 22
67 :  7843  ->  61 token_num = 22
68 :  7843  ->  425 token_num = 22
69 :  8556  ->  21 token_num = 23
70 :  9300  ->  464 token_num = 24
71 :  10881  ->  30 token_num = 26
72 :  10881  ->  105 token_num = 26
73 :  10881  ->  132 token_num = 26
74 :  11718  ->  35 token_num = 27
75 :  12586  ->  337 token_num = 28
76 :  13485  ->  327 token_num = 29
77 :  13485  ->  3 token_num = 29
78 :  13485  ->  17 token_num = 29
79 :  13485  ->  8 token_num = 29
80 :  14415  ->  134 token_num = 30
81 :  15376  ->  422 token_num = 31
82 :  16337  ->  133 token_num = 32
83 :  16337  ->  73 token_num = 32
84 :  16337  ->  3513 token_num = 32
85 :  16337  ->  4718 token_num = 32
86 :  20181  ->  141 token_num = 36
87 :  20181  ->  109 token_num = 36
88 :  21142  ->  2501 token_num = 37
89 :  21142  ->  558 token_num = 37
90 :  22103  ->  737 token_num = 38
91 :  23064  ->  494 token_num = 39
92 :  23064  ->  6075 token_num = 39
93 :  26908  ->  104 token_num = 43
94 :  26908  ->  525 token_num = 43
95 :  28830  ->  6 token_num = 45
96 :  28830  ->  2293 token_num = 45
97 :  29791  ->  2 token_num = 46
98 :  29791  ->  540 token_num = 46
99 :  32674  ->  49 token_num = 49
100 :  33635  ->  370 token_num = 50
101 :  38440  ->  690 token_num = 55
102 :  39401  ->  285 token_num = 56
103 :  46128  ->  31561 token_num = 63
104 :  53816  ->  3714 token_num = 71
105 :  57660  ->  104 token_num = 75
           correct_num  wrong_num  predict_num  ...  precision  recall      f1
Arg             0.0000        4.0          4.0  ...     0.0000     NaN     NaN
Arg0           27.0000       36.0         63.0  ...     0.4286  0.6750  0.5243
Arg1           20.0000       47.0         67.0  ...     0.2985  0.2564  0.2759
Arg2            6.0000       43.0         49.0  ...     0.1224  0.1765  0.1446
Arg3            0.0000       11.0         11.0  ...     0.0000  0.0000     NaN
Arg4            0.0000        6.0          6.0  ...     0.0000     NaN     NaN
Arg5            0.0000        8.0          8.0  ...     0.0000  0.0000     NaN
ArgA            0.0000        2.0          2.0  ...     0.0000  0.0000     NaN
ArgM            0.0000        4.0          4.0  ...     0.0000     NaN     NaN
ArgM2           0.0000        4.0          4.0  ...     0.0000     NaN     NaN
ArgM_ADV        1.0000       64.0         65.0  ...     0.0154  0.1250  0.0274
ArgM_AND        0.0000        4.0          4.0  ...     0.0000     NaN     NaN
ArgM_BUT        0.0000        6.0          6.0  ...     0.0000     NaN     NaN
ArgM_CAU        0.0000        9.0          9.0  ...     0.0000  0.0000     NaN
ArgM_CMP        0.0000        4.0          4.0  ...     0.0000  0.0000     NaN
ArgM_CND        0.0000        5.0          5.0  ...     0.0000     NaN     NaN
ArgM_CRT        0.0000        4.0          4.0  ...     0.0000  0.0000     NaN
ArgM_DIR        0.0000        9.0          9.0  ...     0.0000  0.0000     NaN
ArgM_EXT        0.0000        5.0          5.0  ...     0.0000     NaN     NaN
ArgM_GOL        0.0000        1.0          1.0  ...     0.0000     NaN     NaN
ArgM_LOC        0.0000       12.0         12.0  ...     0.0000  0.0000     NaN
ArgM_MDF        0.0000        6.0          6.0  ...     0.0000     NaN     NaN
ArgM_MNR        0.0000       17.0         17.0  ...     0.0000  0.0000     NaN
ArgM_MNS        0.0000       13.0         13.0  ...     0.0000     NaN     NaN
ArgM_NEG        2.0000       19.0         21.0  ...     0.0952  0.6667  0.1667
ArgM_PRP        0.0000        3.0          3.0  ...     0.0000     NaN     NaN
ArgM_PRX        0.0000       10.0         10.0  ...     0.0000  0.0000     NaN
ArgM_REC        0.0000        7.0          7.0  ...     0.0000     NaN     NaN
ArgM_SCP        0.0000        1.0          1.0  ...     0.0000     NaN     NaN
ArgM_SPK        0.0000        1.0          1.0  ...     0.0000     NaN     NaN
ArgM_TMP        1.0000       39.0         40.0  ...     0.0250  0.1429  0.0426
sum            57.0000      404.0        461.0  ...     0.9852  2.0424  1.1813
precision       0.1236        NaN          NaN  ...        NaN     NaN     NaN
recall          0.3032        NaN          NaN  ...        NaN     NaN     NaN
f1              0.1757        NaN          NaN  ...        NaN     NaN     NaN
f1_macro        0.0762        NaN          NaN  ...        NaN     NaN     NaN

[36 rows x 8 columns]
No change in valid f1

Progress 0 / 864 tensor(4)
epoch 10 	 loss 3.8055999726057053
0 :  93  ->  1 token_num = 2
1 :  186  ->  1 token_num = 3
2 :  186  ->  3 token_num = 3
3 :  186  ->  2 token_num = 3
4 :  310  ->  1 token_num = 4
5 :  310  ->  1 token_num = 4
6 :  310  ->  1 token_num = 4
7 :  310  ->  0 token_num = 4
8 :  310  ->  1 token_num = 4
9 :  310  ->  1 token_num = 4
10 :  310  ->  3 token_num = 4
11 :  310  ->  0 token_num = 4
12 :  310  ->  1 token_num = 4
13 :  310  ->  1 token_num = 4
14 :  310  ->  1 token_num = 4
15 :  310  ->  2 token_num = 4
16 :  465  ->  3 token_num = 5
17 :  465  ->  1 token_num = 5
18 :  465  ->  0 token_num = 5
19 :  465  ->  20 token_num = 5
20 :  465  ->  3 token_num = 5
21 :  465  ->  1 token_num = 5
22 :  465  ->  1 token_num = 5
23 :  465  ->  1 token_num = 5
24 :  465  ->  2 token_num = 5
25 :  651  ->  1 token_num = 6
26 :  651  ->  46 token_num = 6
27 :  651  ->  1 token_num = 6
28 :  651  ->  1 token_num = 6
29 :  651  ->  3 token_num = 6
30 :  651  ->  9 token_num = 6
31 :  651  ->  4 token_num = 6
32 :  651  ->  56 token_num = 6
33 :  868  ->  6 token_num = 7
34 :  868  ->  6 token_num = 7
35 :  868  ->  11 token_num = 7
36 :  868  ->  0 token_num = 7
37 :  868  ->  1 token_num = 7
38 :  868  ->  1 token_num = 7
39 :  868  ->  3 token_num = 7
40 :  868  ->  7 token_num = 7
41 :  868  ->  1 token_num = 7
42 :  1116  ->  4 token_num = 8
43 :  1116  ->  8 token_num = 8
44 :  1395  ->  0 token_num = 9
45 :  1395  ->  0 token_num = 9
46 :  1395  ->  11 token_num = 9
47 :  1705  ->  31 token_num = 10
48 :  1705  ->  5 token_num = 10
49 :  2418  ->  103 token_num = 12
50 :  2821  ->  2 token_num = 13
51 :  2821  ->  15 token_num = 13
52 :  2821  ->  32 token_num = 13
53 :  3255  ->  61 token_num = 14
54 :  3720  ->  41 token_num = 15
55 :  4216  ->  198 token_num = 16
56 :  4743  ->  1 token_num = 17
57 :  4743  ->  35 token_num = 17
58 :  5301  ->  12 token_num = 18
59 :  5301  ->  27 token_num = 18
60 :  5301  ->  109 token_num = 18
61 :  5890  ->  177 token_num = 19
62 :  5890  ->  16 token_num = 19
63 :  5890  ->  0 token_num = 19
64 :  5890  ->  84 token_num = 19
65 :  6510  ->  13 token_num = 20
66 :  7843  ->  245 token_num = 22
67 :  7843  ->  42 token_num = 22
68 :  7843  ->  358 token_num = 22
69 :  8556  ->  12 token_num = 23
70 :  9300  ->  466 token_num = 24
71 :  10881  ->  22 token_num = 26
72 :  10881  ->  143 token_num = 26
73 :  10881  ->  106 token_num = 26
74 :  11718  ->  14 token_num = 27
75 :  12586  ->  265 token_num = 28
76 :  13485  ->  253 token_num = 29
77 :  13485  ->  4 token_num = 29
78 :  13485  ->  14 token_num = 29
79 :  13485  ->  14 token_num = 29
80 :  14415  ->  197 token_num = 30
81 :  15376  ->  518 token_num = 31
82 :  16337  ->  137 token_num = 32
83 :  16337  ->  114 token_num = 32
84 :  16337  ->  3115 token_num = 32
85 :  16337  ->  4651 token_num = 32
