{'Arg': 0, 'Arg0': 1, 'Arg1': 2, 'Arg2': 3, 'Arg3': 4, 'Arg4': 5, 'Arg5': 6, 'ArgA': 7, 'ArgM': 8, 'ArgM2': 9, 'ArgM_ADV': 10, 'ArgM_AND': 11, 'ArgM_BUT': 12, 'ArgM_CAU': 13, 'ArgM_CMP': 14, 'ArgM_CND': 15, 'ArgM_CRT': 16, 'ArgM_DIR': 17, 'ArgM_EXT': 18, 'ArgM_GOL': 19, 'ArgM_LOC': 20, 'ArgM_MDF': 21, 'ArgM_MNR': 22, 'ArgM_MNS': 23, 'ArgM_NEG': 24, 'ArgM_PRP': 25, 'ArgM_PRX': 26, 'ArgM_REC': 27, 'ArgM_SCP': 28, 'ArgM_SPK': 29, 'ArgM_TMP': 30} 

MAX_TOKEN = 206, MAX_LENGTH = 192, MAX_ARGUMENT_SEQUENCE_LENGTH = 30


train, test, valid =  840 105 106
train, test, valid =  870 105 106
870
Progress 0 / 864 tensor(4)
epoch 0 	 loss 82.57581543922424
0 :  93  ->  0 token_num = 2
1 :  186  ->  0 token_num = 3
2 :  186  ->  0 token_num = 3
3 :  186  ->  1 token_num = 3
4 :  310  ->  1 token_num = 4
5 :  310  ->  1 token_num = 4
6 :  310  ->  2 token_num = 4
7 :  310  ->  0 token_num = 4
8 :  310  ->  1 token_num = 4
9 :  310  ->  1 token_num = 4
10 :  310  ->  1 token_num = 4
11 :  310  ->  1 token_num = 4
12 :  310  ->  1 token_num = 4
13 :  310  ->  1 token_num = 4
14 :  310  ->  1 token_num = 4
15 :  310  ->  1 token_num = 4
16 :  465  ->  1 token_num = 5
17 :  465  ->  1 token_num = 5
18 :  465  ->  2 token_num = 5
19 :  465  ->  0 token_num = 5
20 :  465  ->  1 token_num = 5
21 :  465  ->  1 token_num = 5
22 :  465  ->  1 token_num = 5
23 :  465  ->  1 token_num = 5
24 :  465  ->  1 token_num = 5
25 :  651  ->  0 token_num = 6
26 :  651  ->  2 token_num = 6
27 :  651  ->  0 token_num = 6
28 :  651  ->  0 token_num = 6
29 :  651  ->  3 token_num = 6
30 :  651  ->  3 token_num = 6
31 :  651  ->  4 token_num = 6
32 :  651  ->  39 token_num = 6
33 :  868  ->  0 token_num = 7
34 :  868  ->  1 token_num = 7
35 :  868  ->  0 token_num = 7
36 :  868  ->  0 token_num = 7
37 :  868  ->  0 token_num = 7
38 :  868  ->  0 token_num = 7
39 :  868  ->  1 token_num = 7
40 :  868  ->  4 token_num = 7
41 :  868  ->  1 token_num = 7
42 :  1116  ->  1 token_num = 8
43 :  1116  ->  2 token_num = 8
44 :  1395  ->  5 token_num = 9
45 :  1395  ->  1 token_num = 9
46 :  1395  ->  14 token_num = 9
47 :  1705  ->  40 token_num = 10
48 :  1705  ->  3 token_num = 10
49 :  2418  ->  69 token_num = 12
50 :  2821  ->  9 token_num = 13
51 :  2821  ->  166 token_num = 13
52 :  2821  ->  101 token_num = 13
53 :  3255  ->  85 token_num = 14
54 :  3720  ->  15 token_num = 15
55 :  4216  ->  91 token_num = 16
56 :  4743  ->  39 token_num = 17
57 :  4743  ->  21 token_num = 17
58 :  5301  ->  17 token_num = 18
59 :  5301  ->  12 token_num = 18
60 :  5301  ->  76 token_num = 18
61 :  5890  ->  675 token_num = 19
62 :  5890  ->  118 token_num = 19
63 :  5890  ->  41 token_num = 19
64 :  5890  ->  68 token_num = 19
65 :  6510  ->  63 token_num = 20
66 :  7843  ->  89 token_num = 22
67 :  7843  ->  38 token_num = 22
68 :  7843  ->  41 token_num = 22
69 :  8556  ->  14 token_num = 23
70 :  9300  ->  496 token_num = 24
71 :  10881  ->  55 token_num = 26
72 :  10881  ->  17 token_num = 26
73 :  10881  ->  328 token_num = 26
74 :  11718  ->  1 token_num = 27
75 :  12586  ->  24 token_num = 28
76 :  13485  ->  1125 token_num = 29
77 :  13485  ->  0 token_num = 29
78 :  13485  ->  1 token_num = 29
79 :  13485  ->  79 token_num = 29
80 :  14415  ->  89 token_num = 30
81 :  15376  ->  137 token_num = 31
82 :  16337  ->  26 token_num = 32
83 :  16337  ->  0 token_num = 32
84 :  16337  ->  1772 token_num = 32
85 :  16337  ->  1452 token_num = 32
86 :  20181  ->  95 token_num = 36
87 :  20181  ->  18 token_num = 36
88 :  21142  ->  332 token_num = 37
89 :  21142  ->  11 token_num = 37
90 :  22103  ->  129 token_num = 38
91 :  23064  ->  471 token_num = 39
92 :  23064  ->  2480 token_num = 39
93 :  26908  ->  7 token_num = 43
94 :  26908  ->  545 token_num = 43
95 :  28830  ->  10 token_num = 45
96 :  28830  ->  275 token_num = 45
97 :  29791  ->  644 token_num = 46
98 :  29791  ->  99 token_num = 46
99 :  32674  ->  5 token_num = 49
100 :  33635  ->  3 token_num = 50
101 :  38440  ->  26 token_num = 55
102 :  39401  ->  34 token_num = 56
103 :  46128  ->  10369 token_num = 63
104 :  53816  ->  1437 token_num = 71
105 :  57660  ->  93 token_num = 75
           correct_num  wrong_num  predict_num  ...  precision  recall      f1
Arg             0.0000        4.0          4.0  ...     0.0000     NaN     NaN
Arg0           13.0000       33.0         46.0  ...     0.2826  0.3250  0.3023
Arg1           26.0000       52.0         78.0  ...     0.3333  0.3333  0.3333
Arg2            1.0000       18.0         19.0  ...     0.0526  0.0294  0.0377
Arg3            0.0000        3.0          3.0  ...     0.0000  0.0000     NaN
Arg4            0.0000        3.0          3.0  ...     0.0000     NaN     NaN
Arg5            0.0000        2.0          2.0  ...     0.0000  0.0000     NaN
ArgA            0.0000        5.0          5.0  ...     0.0000  0.0000     NaN
ArgM            0.0000        3.0          3.0  ...     0.0000     NaN     NaN
ArgM2           0.0000        4.0          4.0  ...     0.0000     NaN     NaN
ArgM_ADV        0.0000       13.0         13.0  ...     0.0000  0.0000     NaN
ArgM_AND        0.0000        5.0          5.0  ...     0.0000     NaN     NaN
ArgM_BUT        0.0000        1.0          1.0  ...     0.0000     NaN     NaN
ArgM_CAU        0.0000        5.0          5.0  ...     0.0000  0.0000     NaN
ArgM_CMP        0.0000        8.0          8.0  ...     0.0000  0.0000     NaN
ArgM_CND        0.0000        5.0          5.0  ...     0.0000     NaN     NaN
ArgM_CRT        0.0000        6.0          6.0  ...     0.0000  0.0000     NaN
ArgM_DIR        0.0000        5.0          5.0  ...     0.0000  0.0000     NaN
ArgM_EXT        0.0000       11.0         11.0  ...     0.0000     NaN     NaN
ArgM_GOL        0.0000        4.0          4.0  ...     0.0000     NaN     NaN
ArgM_LOC        0.0000        5.0          5.0  ...     0.0000  0.0000     NaN
ArgM_MDF        0.0000        4.0          4.0  ...     0.0000     NaN     NaN
ArgM_MNR        0.0000        5.0          5.0  ...     0.0000  0.0000     NaN
ArgM_MNS        0.0000        7.0          7.0  ...     0.0000     NaN     NaN
ArgM_NEG        0.0000        7.0          7.0  ...     0.0000  0.0000     NaN
ArgM_PRP        0.0000        5.0          5.0  ...     0.0000     NaN     NaN
ArgM_PRX        0.0000        2.0          2.0  ...     0.0000  0.0000     NaN
ArgM_REC        0.0000        8.0          8.0  ...     0.0000     NaN     NaN
ArgM_SCP        0.0000        9.0          9.0  ...     0.0000     NaN     NaN
ArgM_SPK        0.0000        4.0          4.0  ...     0.0000     NaN     NaN
ArgM_TMP        0.0000        3.0          3.0  ...     0.0000  0.0000     NaN
sum            40.0000      249.0        289.0  ...     0.6686  0.6877  0.6734
precision       0.1384        NaN          NaN  ...        NaN     NaN     NaN
recall          0.2128        NaN          NaN  ...        NaN     NaN     NaN
f1              0.1677        NaN          NaN  ...        NaN     NaN     NaN
f1_macro        0.0434        NaN          NaN  ...        NaN     NaN     NaN

[36 rows x 8 columns]
Valid f1 =  0.1677 

Progress 0 / 864 tensor(4)
epoch 1 	 loss 32.96562388539314
0 :  93  ->  0 token_num = 2
1 :  186  ->  0 token_num = 3
2 :  186  ->  1 token_num = 3
3 :  186  ->  1 token_num = 3
4 :  310  ->  0 token_num = 4
5 :  310  ->  0 token_num = 4
6 :  310  ->  0 token_num = 4
7 :  310  ->  0 token_num = 4
8 :  310  ->  0 token_num = 4
9 :  310  ->  1 token_num = 4
10 :  310  ->  1 token_num = 4
11 :  310  ->  0 token_num = 4
12 :  310  ->  1 token_num = 4
13 :  310  ->  0 token_num = 4
14 :  310  ->  1 token_num = 4
15 :  310  ->  1 token_num = 4
16 :  465  ->  1 token_num = 5
17 :  465  ->  1 token_num = 5
18 :  465  ->  1 token_num = 5
19 :  465  ->  0 token_num = 5
20 :  465  ->  0 token_num = 5
21 :  465  ->  0 token_num = 5
22 :  465  ->  1 token_num = 5
23 :  465  ->  1 token_num = 5
24 :  465  ->  1 token_num = 5
25 :  651  ->  0 token_num = 6
26 :  651  ->  1 token_num = 6
27 :  651  ->  0 token_num = 6
28 :  651  ->  0 token_num = 6
29 :  651  ->  1 token_num = 6
30 :  651  ->  3 token_num = 6
31 :  651  ->  2 token_num = 6
32 :  651  ->  57 token_num = 6
33 :  868  ->  0 token_num = 7
34 :  868  ->  0 token_num = 7
35 :  868  ->  2 token_num = 7
36 :  868  ->  0 token_num = 7
37 :  868  ->  0 token_num = 7
38 :  868  ->  0 token_num = 7
39 :  868  ->  0 token_num = 7
40 :  868  ->  1 token_num = 7
41 :  868  ->  2 token_num = 7
42 :  1116  ->  1 token_num = 8
43 :  1116  ->  1 token_num = 8
44 :  1395  ->  2 token_num = 9
45 :  1395  ->  1 token_num = 9
46 :  1395  ->  12 token_num = 9
47 :  1705  ->  2 token_num = 10
48 :  1705  ->  1 token_num = 10
49 :  2418  ->  25 token_num = 12
50 :  2821  ->  2 token_num = 13
51 :  2821  ->  0 token_num = 13
52 :  2821  ->  25 token_num = 13
53 :  3255  ->  1 token_num = 14
54 :  3720  ->  3 token_num = 15
55 :  4216  ->  44 token_num = 16
56 :  4743  ->  34 token_num = 17
57 :  4743  ->  1 token_num = 17
58 :  5301  ->  0 token_num = 18
59 :  5301  ->  0 token_num = 18
60 :  5301  ->  27 token_num = 18
61 :  5890  ->  5 token_num = 19
62 :  5890  ->  381 token_num = 19
63 :  5890  ->  4 token_num = 19
64 :  5890  ->  4 token_num = 19
65 :  6510  ->  64 token_num = 20
66 :  7843  ->  1 token_num = 22
67 :  7843  ->  0 token_num = 22
68 :  7843  ->  5 token_num = 22
69 :  8556  ->  2 token_num = 23
70 :  9300  ->  69 token_num = 24
71 :  10881  ->  4 token_num = 26
72 :  10881  ->  111 token_num = 26
73 :  10881  ->  33 token_num = 26
74 :  11718  ->  0 token_num = 27
75 :  12586  ->  81 token_num = 28
76 :  13485  ->  5 token_num = 29
77 :  13485  ->  1 token_num = 29
78 :  13485  ->  1 token_num = 29
79 :  13485  ->  2 token_num = 29
80 :  14415  ->  628 token_num = 30
81 :  15376  ->  1295 token_num = 31
82 :  16337  ->  4 token_num = 32
83 :  16337  ->  0 token_num = 32
84 :  16337  ->  277 token_num = 32
85 :  16337  ->  930 token_num = 32
86 :  20181  ->  242 token_num = 36
87 :  20181  ->  0 token_num = 36
88 :  21142  ->  46 token_num = 37
89 :  21142  ->  120 token_num = 37
90 :  22103  ->  1 token_num = 38
91 :  23064  ->  153 token_num = 39
92 :  23064  ->  2062 token_num = 39
93 :  26908  ->  35 token_num = 43
94 :  26908  ->  124 token_num = 43
95 :  28830  ->  53 token_num = 45
96 :  28830  ->  112 token_num = 45
97 :  29791  ->  37 token_num = 46
98 :  29791  ->  30 token_num = 46
99 :  32674  ->  86 token_num = 49
100 :  33635  ->  1 token_num = 50
101 :  38440  ->  16 token_num = 55
102 :  39401  ->  7 token_num = 56
103 :  46128  ->  5223 token_num = 63
104 :  53816  ->  275 token_num = 71
105 :  57660  ->  411 token_num = 75
           correct_num  wrong_num  predict_num  ...  precision  recall      f1
Arg             0.0000        4.0          4.0  ...     0.0000     NaN     NaN
Arg0            1.0000       18.0         19.0  ...     0.0526  0.0250  0.0339
Arg1           25.0000       46.0         71.0  ...     0.3521  0.3205  0.3356
Arg2            1.0000       16.0         17.0  ...     0.0588  0.0294  0.0392
Arg3            0.0000        1.0          1.0  ...     0.0000  0.0000     NaN
Arg4            0.0000        3.0          3.0  ...     0.0000     NaN     NaN
Arg5            0.0000        0.0          0.0  ...        NaN  0.0000     NaN
ArgA            0.0000        1.0          1.0  ...     0.0000  0.0000     NaN
ArgM            0.0000        2.0          2.0  ...     0.0000     NaN     NaN
ArgM2           0.0000        1.0          1.0  ...     0.0000     NaN     NaN
ArgM_ADV        0.0000       28.0         28.0  ...     0.0000  0.0000     NaN
ArgM_AND        0.0000        3.0          3.0  ...     0.0000     NaN     NaN
ArgM_BUT        0.0000        1.0          1.0  ...     0.0000     NaN     NaN
ArgM_CAU        0.0000        2.0          2.0  ...     0.0000  0.0000     NaN
ArgM_CMP        0.0000        5.0          5.0  ...     0.0000  0.0000     NaN
ArgM_CND        0.0000        2.0          2.0  ...     0.0000     NaN     NaN
ArgM_CRT        0.0000        3.0          3.0  ...     0.0000  0.0000     NaN
ArgM_DIR        0.0000        4.0          4.0  ...     0.0000  0.0000     NaN
ArgM_EXT        0.0000        0.0          0.0  ...        NaN     NaN     NaN
ArgM_GOL        0.0000        1.0          1.0  ...     0.0000     NaN     NaN
ArgM_LOC        0.0000        8.0          8.0  ...     0.0000  0.0000     NaN
ArgM_MDF        0.0000        1.0          1.0  ...     0.0000     NaN     NaN
ArgM_MNR        0.0000       10.0         10.0  ...     0.0000  0.0000     NaN
ArgM_MNS        0.0000        5.0          5.0  ...     0.0000     NaN     NaN
ArgM_NEG        0.0000        3.0          3.0  ...     0.0000  0.0000     NaN
ArgM_PRP        0.0000        2.0          2.0  ...     0.0000     NaN     NaN
ArgM_PRX        0.0000        1.0          1.0  ...     0.0000  0.0000     NaN
ArgM_REC        0.0000        2.0          2.0  ...     0.0000     NaN     NaN
ArgM_SCP        0.0000        3.0          3.0  ...     0.0000     NaN     NaN
ArgM_SPK        0.0000        4.0          4.0  ...     0.0000     NaN     NaN
ArgM_TMP        0.0000        3.0          3.0  ...     0.0000  0.0000     NaN
sum            27.0000      183.0        210.0  ...     0.4636  0.3749  0.4087
precision       0.1286        NaN          NaN  ...        NaN     NaN     NaN
recall          0.1436        NaN          NaN  ...        NaN     NaN     NaN
f1              0.1357        NaN          NaN  ...        NaN     NaN     NaN
f1_macro        0.0264        NaN          NaN  ...        NaN     NaN     NaN

[36 rows x 8 columns]
No change in valid f1

Progress 0 / 864 tensor(4)
epoch 2 	 loss 15.35800214111805
0 :  93  ->  0 token_num = 2
1 :  186  ->  0 token_num = 3
2 :  186  ->  0 token_num = 3
3 :  186  ->  0 token_num = 3
4 :  310  ->  0 token_num = 4
5 :  310  ->  0 token_num = 4
6 :  310  ->  0 token_num = 4
7 :  310  ->  0 token_num = 4
8 :  310  ->  0 token_num = 4
9 :  310  ->  0 token_num = 4
10 :  310  ->  0 token_num = 4
11 :  310  ->  0 token_num = 4
12 :  310  ->  0 token_num = 4
13 :  310  ->  0 token_num = 4
14 :  310  ->  0 token_num = 4
15 :  310  ->  1 token_num = 4
16 :  465  ->  0 token_num = 5
17 :  465  ->  0 token_num = 5
18 :  465  ->  0 token_num = 5
19 :  465  ->  0 token_num = 5
20 :  465  ->  0 token_num = 5
21 :  465  ->  0 token_num = 5
22 :  465  ->  0 token_num = 5
23 :  465  ->  0 token_num = 5
24 :  465  ->  0 token_num = 5
25 :  651  ->  0 token_num = 6
26 :  651  ->  1 token_num = 6
27 :  651  ->  0 token_num = 6
28 :  651  ->  0 token_num = 6
29 :  651  ->  0 token_num = 6
30 :  651  ->  0 token_num = 6
31 :  651  ->  1 token_num = 6
32 :  651  ->  30 token_num = 6
33 :  868  ->  1 token_num = 7
34 :  868  ->  0 token_num = 7
35 :  868  ->  0 token_num = 7
36 :  868  ->  0 token_num = 7
37 :  868  ->  0 token_num = 7
38 :  868  ->  0 token_num = 7
39 :  868  ->  0 token_num = 7
40 :  868  ->  0 token_num = 7
41 :  868  ->  1 token_num = 7
42 :  1116  ->  2 token_num = 8
43 :  1116  ->  1 token_num = 8
44 :  1395  ->  1 token_num = 9
45 :  1395  ->  0 token_num = 9
46 :  1395  ->  3 token_num = 9
47 :  1705  ->  2 token_num = 10
48 :  1705  ->  0 token_num = 10
49 :  2418  ->  1 token_num = 12
50 :  2821  ->  0 token_num = 13
51 :  2821  ->  0 token_num = 13
52 :  2821  ->  33 token_num = 13
53 :  3255  ->  0 token_num = 14
54 :  3720  ->  0 token_num = 15
55 :  4216  ->  11 token_num = 16
56 :  4743  ->  0 token_num = 17
57 :  4743  ->  0 token_num = 17
58 :  5301  ->  0 token_num = 18
59 :  5301  ->  0 token_num = 18
60 :  5301  ->  36 token_num = 18
61 :  5890  ->  5 token_num = 19
62 :  5890  ->  1 token_num = 19
63 :  5890  ->  0 token_num = 19
64 :  5890  ->  3 token_num = 19
65 :  6510  ->  38 token_num = 20
66 :  7843  ->  1 token_num = 22
67 :  7843  ->  0 token_num = 22
68 :  7843  ->  31 token_num = 22
69 :  8556  ->  29 token_num = 23
70 :  9300  ->  75 token_num = 24
71 :  10881  ->  0 token_num = 26
72 :  10881  ->  1 token_num = 26
73 :  10881  ->  1 token_num = 26
74 :  11718  ->  1 token_num = 27
75 :  12586  ->  28 token_num = 28
76 :  13485  ->  37 token_num = 29
77 :  13485  ->  0 token_num = 29
78 :  13485  ->  2 token_num = 29
79 :  13485  ->  0 token_num = 29
80 :  14415  ->  92 token_num = 30
81 :  15376  ->  13 token_num = 31
82 :  16337  ->  5 token_num = 32
83 :  16337  ->  0 token_num = 32
84 :  16337  ->  240 token_num = 32
85 :  16337  ->  348 token_num = 32
86 :  20181  ->  0 token_num = 36
87 :  20181  ->  0 token_num = 36
88 :  21142  ->  295 token_num = 37
89 :  21142  ->  62 token_num = 37
90 :  22103  ->  3 token_num = 38
91 :  23064  ->  14 token_num = 39
92 :  23064  ->  392 token_num = 39
93 :  26908  ->  0 token_num = 43
94 :  26908  ->  192 token_num = 43
95 :  28830  ->  30 token_num = 45
96 :  28830  ->  1 token_num = 45
97 :  29791  ->  0 token_num = 46
98 :  29791  ->  23 token_num = 46
99 :  32674  ->  1 token_num = 49
100 :  33635  ->  0 token_num = 50
101 :  38440  ->  5 token_num = 55
102 :  39401  ->  5 token_num = 56
103 :  46128  ->  2035 token_num = 63
104 :  53816  ->  277 token_num = 71
105 :  57660  ->  2 token_num = 75
           correct_num  wrong_num  predict_num  ...  precision  recall      f1
Arg             0.0000        2.0          2.0  ...     0.0000     NaN     NaN
Arg0            2.0000       14.0         16.0  ...     0.1250  0.0500  0.0714
Arg1            9.0000       25.0         34.0  ...     0.2647  0.1154  0.1607
Arg2            3.0000       22.0         25.0  ...     0.1200  0.0882  0.1017
Arg3            0.0000        0.0          0.0  ...        NaN  0.0000     NaN
Arg4            0.0000        2.0          2.0  ...     0.0000     NaN     NaN
Arg5            0.0000        0.0          0.0  ...        NaN  0.0000     NaN
ArgA            0.0000        0.0          0.0  ...        NaN  0.0000     NaN
ArgM            0.0000        2.0          2.0  ...     0.0000     NaN     NaN
ArgM2           0.0000        6.0          6.0  ...     0.0000     NaN     NaN
ArgM_ADV        0.0000        8.0          8.0  ...     0.0000  0.0000     NaN
ArgM_AND        0.0000        3.0          3.0  ...     0.0000     NaN     NaN
ArgM_BUT        0.0000        0.0          0.0  ...        NaN     NaN     NaN
ArgM_CAU        0.0000        0.0          0.0  ...        NaN  0.0000     NaN
ArgM_CMP        0.0000        3.0          3.0  ...     0.0000  0.0000     NaN
ArgM_CND        0.0000        2.0          2.0  ...     0.0000     NaN     NaN
ArgM_CRT        0.0000        1.0          1.0  ...     0.0000  0.0000     NaN
ArgM_DIR        0.0000        2.0          2.0  ...     0.0000  0.0000     NaN
ArgM_EXT        0.0000        0.0          0.0  ...        NaN     NaN     NaN
ArgM_GOL        0.0000        1.0          1.0  ...     0.0000     NaN     NaN
ArgM_LOC        0.0000        2.0          2.0  ...     0.0000  0.0000     NaN
ArgM_MDF        0.0000        2.0          2.0  ...     0.0000     NaN     NaN
ArgM_MNR        0.0000        2.0          2.0  ...     0.0000  0.0000     NaN
ArgM_MNS        0.0000        1.0          1.0  ...     0.0000     NaN     NaN
ArgM_NEG        0.0000        2.0          2.0  ...     0.0000  0.0000     NaN
ArgM_PRP        0.0000        4.0          4.0  ...     0.0000     NaN     NaN
ArgM_PRX        0.0000        1.0          1.0  ...     0.0000  0.0000     NaN
ArgM_REC        0.0000        1.0          1.0  ...     0.0000     NaN     NaN
ArgM_SCP        0.0000        2.0          2.0  ...     0.0000     NaN     NaN
ArgM_SPK        0.0000        6.0          6.0  ...     0.0000     NaN     NaN
ArgM_TMP        0.0000        2.0          2.0  ...     0.0000  0.0000     NaN
sum            14.0000      118.0        132.0  ...     0.5097  0.2536  0.3338
precision       0.1061        NaN          NaN  ...        NaN     NaN     NaN
recall          0.0745        NaN          NaN  ...        NaN     NaN     NaN
f1              0.0875        NaN          NaN  ...        NaN     NaN     NaN
f1_macro        0.0215        NaN          NaN  ...        NaN     NaN     NaN

[36 rows x 8 columns]
No change in valid f1

Progress 0 / 864 tensor(4)
epoch 3 	 loss 8.03974349051714
0 :  93  ->  0 token_num = 2
1 :  186  ->  0 token_num = 3
2 :  186  ->  2 token_num = 3
3 :  186  ->  2 token_num = 3
4 :  310  ->  1 token_num = 4
5 :  310  ->  2 token_num = 4
6 :  310  ->  2 token_num = 4
7 :  310  ->  0 token_num = 4
8 :  310  ->  1 token_num = 4
9 :  310  ->  1 token_num = 4
10 :  310  ->  1 token_num = 4
11 :  310  ->  1 token_num = 4
12 :  310  ->  1 token_num = 4
13 :  310  ->  1 token_num = 4
14 :  310  ->  1 token_num = 4
15 :  310  ->  1 token_num = 4
16 :  465  ->  1 token_num = 5
17 :  465  ->  2 token_num = 5
18 :  465  ->  1 token_num = 5
19 :  465  ->  2 token_num = 5
20 :  465  ->  2 token_num = 5
21 :  465  ->  1 token_num = 5
22 :  465  ->  1 token_num = 5
23 :  465  ->  1 token_num = 5
24 :  465  ->  2 token_num = 5
25 :  651  ->  1 token_num = 6
26 :  651  ->  3 token_num = 6
27 :  651  ->  4 token_num = 6
28 :  651  ->  0 token_num = 6
29 :  651  ->  3 token_num = 6
30 :  651  ->  5 token_num = 6
31 :  651  ->  2 token_num = 6
32 :  651  ->  19 token_num = 6
33 :  868  ->  6 token_num = 7
34 :  868  ->  6 token_num = 7
35 :  868  ->  3 token_num = 7
36 :  868  ->  0 token_num = 7
37 :  868  ->  1 token_num = 7
38 :  868  ->  2 token_num = 7
39 :  868  ->  3 token_num = 7
40 :  868  ->  4 token_num = 7
41 :  868  ->  5 token_num = 7
42 :  1116  ->  9 token_num = 8
43 :  1116  ->  5 token_num = 8
44 :  1395  ->  4 token_num = 9
45 :  1395  ->  1 token_num = 9
46 :  1395  ->  10 token_num = 9
47 :  1705  ->  16 token_num = 10
48 :  1705  ->  2 token_num = 10
49 :  2418  ->  1 token_num = 12
50 :  2821  ->  0 token_num = 13
51 :  2821  ->  1 token_num = 13
52 :  2821  ->  4 token_num = 13
53 :  3255  ->  0 token_num = 14
54 :  3720  ->  4 token_num = 15
55 :  4216  ->  40 token_num = 16
56 :  4743  ->  1 token_num = 17
57 :  4743  ->  2 token_num = 17
58 :  5301  ->  0 token_num = 18
59 :  5301  ->  1 token_num = 18
60 :  5301  ->  15 token_num = 18
61 :  5890  ->  19 token_num = 19
62 :  5890  ->  5 token_num = 19
63 :  5890  ->  1 token_num = 19
64 :  5890  ->  13 token_num = 19
65 :  6510  ->  4 token_num = 20
66 :  7843  ->  1 token_num = 22
67 :  7843  ->  0 token_num = 22
68 :  7843  ->  37 token_num = 22
69 :  8556  ->  30 token_num = 23
70 :  9300  ->  1 token_num = 24
71 :  10881  ->  2 token_num = 26
72 :  10881  ->  6 token_num = 26
73 :  10881  ->  60 token_num = 26
74 :  11718  ->  6 token_num = 27
75 :  12586  ->  3 token_num = 28
76 :  13485  ->  4 token_num = 29
77 :  13485  ->  0 token_num = 29
78 :  13485  ->  7 token_num = 29
79 :  13485  ->  1 token_num = 29
80 :  14415  ->  106 token_num = 30
81 :  15376  ->  94 token_num = 31
82 :  16337  ->  60 token_num = 32
83 :  16337  ->  0 token_num = 32
84 :  16337  ->  218 token_num = 32
85 :  16337  ->  3 token_num = 32
86 :  20181  ->  3 token_num = 36
87 :  20181  ->  0 token_num = 36
88 :  21142  ->  307 token_num = 37
89 :  21142  ->  25 token_num = 37
90 :  22103  ->  2 token_num = 38
91 :  23064  ->  7 token_num = 39
92 :  23064  ->  1458 token_num = 39
93 :  26908  ->  3 token_num = 43
94 :  26908  ->  46 token_num = 43
95 :  28830  ->  20 token_num = 45
96 :  28830  ->  7 token_num = 45
97 :  29791  ->  0 token_num = 46
98 :  29791  ->  4 token_num = 46
99 :  32674  ->  1 token_num = 49
100 :  33635  ->  3 token_num = 50
101 :  38440  ->  17 token_num = 55
102 :  39401  ->  66 token_num = 56
103 :  46128  ->  538 token_num = 63
104 :  53816  ->  702 token_num = 71
105 :  57660  ->  4 token_num = 75
           correct_num  wrong_num  predict_num  ...  precision  recall      f1
Arg             0.0000        0.0          0.0  ...        NaN     NaN     NaN
Arg0           28.0000       23.0         51.0  ...     0.5490  0.7000  0.6154
Arg1           27.0000       35.0         62.0  ...     0.4355  0.3462  0.3857
Arg2            6.0000       28.0         34.0  ...     0.1765  0.1765  0.1765
Arg3            0.0000        3.0          3.0  ...     0.0000  0.0000     NaN
Arg4            0.0000        1.0          1.0  ...     0.0000     NaN     NaN
Arg5            0.0000        0.0          0.0  ...        NaN  0.0000     NaN
ArgA            0.0000        0.0          0.0  ...        NaN  0.0000     NaN
ArgM            0.0000        2.0          2.0  ...     0.0000     NaN     NaN
ArgM2           0.0000        1.0          1.0  ...     0.0000     NaN     NaN
ArgM_ADV        0.0000        8.0          8.0  ...     0.0000  0.0000     NaN
ArgM_AND        0.0000        2.0          2.0  ...     0.0000     NaN     NaN
ArgM_BUT        0.0000        1.0          1.0  ...     0.0000     NaN     NaN
ArgM_CAU        0.0000        1.0          1.0  ...     0.0000  0.0000     NaN
ArgM_CMP        0.0000        3.0          3.0  ...     0.0000  0.0000     NaN
ArgM_CND        0.0000        1.0          1.0  ...     0.0000     NaN     NaN
ArgM_CRT        0.0000        0.0          0.0  ...        NaN  0.0000     NaN
ArgM_DIR        0.0000        0.0          0.0  ...        NaN  0.0000     NaN
ArgM_EXT        0.0000        0.0          0.0  ...        NaN     NaN     NaN
ArgM_GOL        0.0000        2.0          2.0  ...     0.0000     NaN     NaN
ArgM_LOC        0.0000        4.0          4.0  ...     0.0000  0.0000     NaN
ArgM_MDF        0.0000        1.0          1.0  ...     0.0000     NaN     NaN
ArgM_MNR        0.0000        2.0          2.0  ...     0.0000  0.0000     NaN
ArgM_MNS        0.0000        1.0          1.0  ...     0.0000     NaN     NaN
ArgM_NEG        1.0000        4.0          5.0  ...     0.2000  0.3333  0.2500
ArgM_PRP        0.0000        2.0          2.0  ...     0.0000     NaN     NaN
ArgM_PRX        0.0000        1.0          1.0  ...     0.0000  0.0000     NaN
ArgM_REC        0.0000        1.0          1.0  ...     0.0000     NaN     NaN
ArgM_SCP        0.0000        2.0          2.0  ...     0.0000     NaN     NaN
ArgM_SPK        0.0000        1.0          1.0  ...     0.0000     NaN     NaN
ArgM_TMP        1.0000        2.0          3.0  ...     0.3333  0.1429  0.2000
sum            63.0000      132.0        195.0  ...     1.6943  1.6988  1.6276
precision       0.3231        NaN          NaN  ...        NaN     NaN     NaN
recall          0.3351        NaN          NaN  ...        NaN     NaN     NaN
f1              0.3290        NaN          NaN  ...        NaN     NaN     NaN
f1_macro        0.1050        NaN          NaN  ...        NaN     NaN     NaN

[36 rows x 8 columns]
Valid f1 =  0.329 

Progress 0 / 864 tensor(4)
epoch 4 	 loss 5.6352737583220005
0 :  93  ->  1 token_num = 2
1 :  186  ->  1 token_num = 3
2 :  186  ->  4 token_num = 3
3 :  186  ->  3 token_num = 3
4 :  310  ->  1 token_num = 4
5 :  310  ->  2 token_num = 4
6 :  310  ->  3 token_num = 4
7 :  310  ->  1 token_num = 4
8 :  310  ->  1 token_num = 4
9 :  310  ->  2 token_num = 4
10 :  310  ->  2 token_num = 4
11 :  310  ->  1 token_num = 4
12 :  310  ->  1 token_num = 4
13 :  310  ->  1 token_num = 4
14 :  310  ->  1 token_num = 4
15 :  310  ->  1 token_num = 4
16 :  465  ->  3 token_num = 5
17 :  465  ->  3 token_num = 5
18 :  465  ->  1 token_num = 5
19 :  465  ->  4 token_num = 5
20 :  465  ->  3 token_num = 5
21 :  465  ->  2 token_num = 5
22 :  465  ->  1 token_num = 5
23 :  465  ->  1 token_num = 5
24 :  465  ->  2 token_num = 5
25 :  651  ->  1 token_num = 6
26 :  651  ->  5 token_num = 6
27 :  651  ->  5 token_num = 6
28 :  651  ->  0 token_num = 6
29 :  651  ->  5 token_num = 6
30 :  651  ->  5 token_num = 6
31 :  651  ->  5 token_num = 6
32 :  651  ->  0 token_num = 6
33 :  868  ->  10 token_num = 7
34 :  868  ->  5 token_num = 7
35 :  868  ->  5 token_num = 7
36 :  868  ->  2 token_num = 7
37 :  868  ->  1 token_num = 7
38 :  868  ->  4 token_num = 7
39 :  868  ->  4 token_num = 7
40 :  868  ->  11 token_num = 7
41 :  868  ->  5 token_num = 7
42 :  1116  ->  7 token_num = 8
43 :  1116  ->  13 token_num = 8
44 :  1395  ->  8 token_num = 9
45 :  1395  ->  1 token_num = 9
46 :  1395  ->  20 token_num = 9
47 :  1705  ->  22 token_num = 10
48 :  1705  ->  3 token_num = 10
49 :  2418  ->  0 token_num = 12
50 :  2821  ->  1 token_num = 13
51 :  2821  ->  2 token_num = 13
52 :  2821  ->  4 token_num = 13
53 :  3255  ->  2 token_num = 14
54 :  3720  ->  10 token_num = 15
55 :  4216  ->  76 token_num = 16
56 :  4743  ->  1 token_num = 17
57 :  4743  ->  17 token_num = 17
58 :  5301  ->  0 token_num = 18
59 :  5301  ->  1 token_num = 18
60 :  5301  ->  29 token_num = 18
61 :  5890  ->  6 token_num = 19
62 :  5890  ->  2 token_num = 19
63 :  5890  ->  2 token_num = 19
64 :  5890  ->  23 token_num = 19
65 :  6510  ->  15 token_num = 20
66 :  7843  ->  7 token_num = 22
67 :  7843  ->  1 token_num = 22
68 :  7843  ->  20 token_num = 22
69 :  8556  ->  29 token_num = 23
70 :  9300  ->  2 token_num = 24
71 :  10881  ->  14 token_num = 26
72 :  10881  ->  34 token_num = 26
73 :  10881  ->  74 token_num = 26
74 :  11718  ->  19 token_num = 27
75 :  12586  ->  17 token_num = 28
76 :  13485  ->  11 token_num = 29
77 :  13485  ->  10 token_num = 29
78 :  13485  ->  12 token_num = 29
79 :  13485  ->  1 token_num = 29
80 :  14415  ->  110 token_num = 30
81 :  15376  ->  176 token_num = 31
82 :  16337  ->  108 token_num = 32
83 :  16337  ->  2 token_num = 32
84 :  16337  ->  169 token_num = 32
85 :  16337  ->  50 token_num = 32
86 :  20181  ->  1 token_num = 36
87 :  20181  ->  0 token_num = 36
88 :  21142  ->  231 token_num = 37
89 :  21142  ->  87 token_num = 37
90 :  22103  ->  0 token_num = 38
91 :  23064  ->  50 token_num = 39
92 :  23064  ->  542 token_num = 39
93 :  26908  ->  4 token_num = 43
94 :  26908  ->  77 token_num = 43
95 :  28830  ->  56 token_num = 45
96 :  28830  ->  58 token_num = 45
97 :  29791  ->  6 token_num = 46
98 :  29791  ->  8 token_num = 46
99 :  32674  ->  17 token_num = 49
100 :  33635  ->  15 token_num = 50
101 :  38440  ->  37 token_num = 55
102 :  39401  ->  20 token_num = 56
103 :  46128  ->  719 token_num = 63
104 :  53816  ->  376 token_num = 71
105 :  57660  ->  11 token_num = 75
           correct_num  wrong_num  predict_num  ...  precision  recall      f1
Arg             0.0000        1.0          1.0  ...     0.0000     NaN     NaN
Arg0           33.0000       26.0         59.0  ...     0.5593  0.8250  0.6667
Arg1           31.0000       42.0         73.0  ...     0.4247  0.3974  0.4106
Arg2            9.0000       31.0         40.0  ...     0.2250  0.2647  0.2432
Arg3            0.0000        3.0          3.0  ...     0.0000  0.0000     NaN
Arg4            0.0000        2.0          2.0  ...     0.0000     NaN     NaN
Arg5            0.0000        0.0          0.0  ...        NaN  0.0000     NaN
ArgA            0.0000        1.0          1.0  ...     0.0000  0.0000     NaN
ArgM            0.0000        2.0          2.0  ...     0.0000     NaN     NaN
ArgM2           0.0000        3.0          3.0  ...     0.0000     NaN     NaN
ArgM_ADV        0.0000       17.0         17.0  ...     0.0000  0.0000     NaN
ArgM_AND        0.0000        1.0          1.0  ...     0.0000     NaN     NaN
ArgM_BUT        0.0000        3.0          3.0  ...     0.0000     NaN     NaN
ArgM_CAU        0.0000        3.0          3.0  ...     0.0000  0.0000     NaN
ArgM_CMP        0.0000        3.0          3.0  ...     0.0000  0.0000     NaN
ArgM_CND        0.0000        1.0          1.0  ...     0.0000     NaN     NaN
ArgM_CRT        0.0000        1.0          1.0  ...     0.0000  0.0000     NaN
ArgM_DIR        0.0000        1.0          1.0  ...     0.0000  0.0000     NaN
ArgM_EXT        0.0000        0.0          0.0  ...        NaN     NaN     NaN
ArgM_GOL        0.0000        1.0          1.0  ...     0.0000     NaN     NaN
ArgM_LOC        0.0000        7.0          7.0  ...     0.0000  0.0000     NaN
ArgM_MDF        0.0000        0.0          0.0  ...        NaN     NaN     NaN
ArgM_MNR        0.0000        4.0          4.0  ...     0.0000  0.0000     NaN
ArgM_MNS        0.0000        0.0          0.0  ...        NaN     NaN     NaN
ArgM_NEG        0.0000        4.0          4.0  ...     0.0000  0.0000     NaN
ArgM_PRP        0.0000        0.0          0.0  ...        NaN     NaN     NaN
ArgM_PRX        0.0000        1.0          1.0  ...     0.0000  0.0000     NaN
ArgM_REC        0.0000        1.0          1.0  ...     0.0000     NaN     NaN
ArgM_SCP        0.0000        1.0          1.0  ...     0.0000     NaN     NaN
ArgM_SPK        0.0000        1.0          1.0  ...     0.0000     NaN     NaN
ArgM_TMP        1.0000        3.0          4.0  ...     0.2500  0.1429  0.1818
sum            74.0000      164.0        238.0  ...     1.4590  1.6300  1.5023
precision       0.3109        NaN          NaN  ...        NaN     NaN     NaN
recall          0.3936        NaN          NaN  ...        NaN     NaN     NaN
f1              0.3474        NaN          NaN  ...        NaN     NaN     NaN
f1_macro        0.0969        NaN          NaN  ...        NaN     NaN     NaN

[36 rows x 8 columns]
Valid f1 =  0.3474 

Progress 0 / 864 tensor(4)
epoch 5 	 loss 4.691645020619035
0 :  93  ->  1 token_num = 2
1 :  186  ->  1 token_num = 3
2 :  186  ->  3 token_num = 3
3 :  186  ->  3 token_num = 3
4 :  310  ->  1 token_num = 4
5 :  310  ->  1 token_num = 4
6 :  310  ->  1 token_num = 4
7 :  310  ->  1 token_num = 4
8 :  310  ->  1 token_num = 4
9 :  310  ->  2 token_num = 4
10 :  310  ->  2 token_num = 4
11 :  310  ->  1 token_num = 4
12 :  310  ->  1 token_num = 4
13 :  310  ->  1 token_num = 4
14 :  310  ->  2 token_num = 4
15 :  310  ->  2 token_num = 4
16 :  465  ->  3 token_num = 5
17 :  465  ->  2 token_num = 5
18 :  465  ->  1 token_num = 5
19 :  465  ->  4 token_num = 5
20 :  465  ->  3 token_num = 5
21 :  465  ->  1 token_num = 5
22 :  465  ->  1 token_num = 5
23 :  465  ->  1 token_num = 5
24 :  465  ->  2 token_num = 5
25 :  651  ->  0 token_num = 6
26 :  651  ->  6 token_num = 6
27 :  651  ->  4 token_num = 6
28 :  651  ->  1 token_num = 6
29 :  651  ->  3 token_num = 6
30 :  651  ->  5 token_num = 6
31 :  651  ->  6 token_num = 6
32 :  651  ->  0 token_num = 6
33 :  868  ->  9 token_num = 7
34 :  868  ->  4 token_num = 7
35 :  868  ->  2 token_num = 7
36 :  868  ->  2 token_num = 7
37 :  868  ->  1 token_num = 7
38 :  868  ->  5 token_num = 7
39 :  868  ->  2 token_num = 7
40 :  868  ->  11 token_num = 7
41 :  868  ->  4 token_num = 7
42 :  1116  ->  6 token_num = 8
43 :  1116  ->  9 token_num = 8
44 :  1395  ->  7 token_num = 9
45 :  1395  ->  1 token_num = 9
46 :  1395  ->  15 token_num = 9
47 :  1705  ->  22 token_num = 10
48 :  1705  ->  4 token_num = 10
49 :  2418  ->  1 token_num = 12
50 :  2821  ->  2 token_num = 13
51 :  2821  ->  4 token_num = 13
52 :  2821  ->  5 token_num = 13
53 :  3255  ->  6 token_num = 14
54 :  3720  ->  12 token_num = 15
55 :  4216  ->  61 token_num = 16
56 :  4743  ->  3 token_num = 17
57 :  4743  ->  16 token_num = 17
58 :  5301  ->  0 token_num = 18
59 :  5301  ->  2 token_num = 18
60 :  5301  ->  35 token_num = 18
61 :  5890  ->  33 token_num = 19
62 :  5890  ->  6 token_num = 19
63 :  5890  ->  2 token_num = 19
64 :  5890  ->  32 token_num = 19
65 :  6510  ->  13 token_num = 20
66 :  7843  ->  11 token_num = 22
67 :  7843  ->  0 token_num = 22
68 :  7843  ->  33 token_num = 22
69 :  8556  ->  29 token_num = 23
70 :  9300  ->  1 token_num = 24
71 :  10881  ->  42 token_num = 26
72 :  10881  ->  47 token_num = 26
73 :  10881  ->  131 token_num = 26
74 :  11718  ->  13 token_num = 27
75 :  12586  ->  13 token_num = 28
76 :  13485  ->  15 token_num = 29
77 :  13485  ->  11 token_num = 29
78 :  13485  ->  20 token_num = 29
79 :  13485  ->  1 token_num = 29
80 :  14415  ->  234 token_num = 30
81 :  15376  ->  615 token_num = 31
82 :  16337  ->  206 token_num = 32
83 :  16337  ->  3 token_num = 32
84 :  16337  ->  87 token_num = 32
85 :  16337  ->  42 token_num = 32
86 :  20181  ->  18 token_num = 36
87 :  20181  ->  3 token_num = 36
88 :  21142  ->  153 token_num = 37
89 :  21142  ->  145 token_num = 37
90 :  22103  ->  4 token_num = 38
91 :  23064  ->  105 token_num = 39
92 :  23064  ->  616 token_num = 39
93 :  26908  ->  21 token_num = 43
94 :  26908  ->  105 token_num = 43
95 :  28830  ->  61 token_num = 45
96 :  28830  ->  56 token_num = 45
97 :  29791  ->  21 token_num = 46
98 :  29791  ->  15 token_num = 46
99 :  32674  ->  27 token_num = 49
100 :  33635  ->  12 token_num = 50
101 :  38440  ->  109 token_num = 55
102 :  39401  ->  25 token_num = 56
103 :  46128  ->  1265 token_num = 63
104 :  53816  ->  534 token_num = 71
105 :  57660  ->  17 token_num = 75
           correct_num  wrong_num  predict_num  ...  precision  recall      f1
Arg             0.0000        1.0          1.0  ...     0.0000     NaN     NaN
Arg0           31.0000       28.0         59.0  ...     0.5254  0.7750  0.6263
Arg1           32.0000       47.0         79.0  ...     0.4051  0.4103  0.4076
Arg2           10.0000       34.0         44.0  ...     0.2273  0.2941  0.2564
Arg3            0.0000        3.0          3.0  ...     0.0000  0.0000     NaN
Arg4            0.0000        3.0          3.0  ...     0.0000     NaN     NaN
Arg5            0.0000        0.0          0.0  ...        NaN  0.0000     NaN
ArgA            0.0000        0.0          0.0  ...        NaN  0.0000     NaN
ArgM            0.0000        3.0          3.0  ...     0.0000     NaN     NaN
ArgM2           0.0000        2.0          2.0  ...     0.0000     NaN     NaN
ArgM_ADV        0.0000       19.0         19.0  ...     0.0000  0.0000     NaN
ArgM_AND        0.0000        1.0          1.0  ...     0.0000     NaN     NaN
ArgM_BUT        0.0000        2.0          2.0  ...     0.0000     NaN     NaN
ArgM_CAU        0.0000        0.0          0.0  ...        NaN  0.0000     NaN
ArgM_CMP        0.0000        1.0          1.0  ...     0.0000  0.0000     NaN
ArgM_CND        0.0000        1.0          1.0  ...     0.0000     NaN     NaN
ArgM_CRT        0.0000        1.0          1.0  ...     0.0000  0.0000     NaN
ArgM_DIR        0.0000        2.0          2.0  ...     0.0000  0.0000     NaN
ArgM_EXT        0.0000        0.0          0.0  ...        NaN     NaN     NaN
ArgM_GOL        0.0000        2.0          2.0  ...     0.0000     NaN     NaN
ArgM_LOC        0.0000       10.0         10.0  ...     0.0000  0.0000     NaN
ArgM_MDF        0.0000        2.0          2.0  ...     0.0000     NaN     NaN
ArgM_MNR        0.0000        3.0          3.0  ...     0.0000  0.0000     NaN
ArgM_MNS        0.0000        1.0          1.0  ...     0.0000     NaN     NaN
ArgM_NEG        0.0000        6.0          6.0  ...     0.0000  0.0000     NaN
ArgM_PRP        0.0000        1.0          1.0  ...     0.0000     NaN     NaN
ArgM_PRX        0.0000        3.0          3.0  ...     0.0000  0.0000     NaN
ArgM_REC        0.0000        2.0          2.0  ...     0.0000     NaN     NaN
ArgM_SCP        0.0000        1.0          1.0  ...     0.0000     NaN     NaN
ArgM_SPK        0.0000        1.0          1.0  ...     0.0000     NaN     NaN
ArgM_TMP        2.0000       10.0         12.0  ...     0.1667  0.2857  0.2105
sum            75.0000      190.0        265.0  ...     1.3244  1.7651  1.5008
precision       0.2830        NaN          NaN  ...        NaN     NaN     NaN
recall          0.3989        NaN          NaN  ...        NaN     NaN     NaN
f1              0.3311        NaN          NaN  ...        NaN     NaN     NaN
f1_macro        0.0968        NaN          NaN  ...        NaN     NaN     NaN

[36 rows x 8 columns]
No change in valid f1

Progress 0 / 864 tensor(4)
